Using pre-set license
Built from '2020.3/staging' branch; Version is '2020.3.25f1 (9b9180224418) revision 10195328'; Using compiler version '192528614'; Build Type 'Release'
OS: 'Windows 10  (10.0.19044) 64bit Core' Language: 'es' Physical Memory: 16269 MB
BatchMode: 1, IsHumanControllingUs: 0, StartBugReporterOnCrash: 0, Is64bit: 1, IsPro: 0

COMMAND LINE ARGUMENTS:
C:\Program Files\Unity\Hub\Editor\2020.3.25f1\Editor\Unity.exe
-adb2
-batchMode
-noUpm
-name
AssetImportWorker1
-projectPath
C:/Users/esteb/Unity projects/Tired/gamedev-Tired
-logFile
Logs/AssetImportWorker1.log
-srvPort
53490
Successfully changed project path to: C:/Users/esteb/Unity projects/Tired/gamedev-Tired
C:/Users/esteb/Unity projects/Tired/gamedev-Tired
Using Asset Import Pipeline V2.
Refreshing native plugins compatible for Editor in 94.70 ms, found 2 plugins.
Preloading 0 native plugins for Editor in 0.00 ms.
Initialize engine version: 2020.3.25f1 (9b9180224418)
[Subsystems] Discovering subsystems at path C:/Program Files/Unity/Hub/Editor/2020.3.25f1/Editor/Data/Resources/UnitySubsystems
[Subsystems] Discovering subsystems at path C:/Users/esteb/Unity projects/Tired/gamedev-Tired/Assets
GfxDevice: creating device client; threaded=0
Direct3D:
    Version:  Direct3D 11.0 [level 11.1]
    Renderer: NVIDIA GeForce GTX 1050 (ID=0x1c8d)
    Vendor:   
    VRAM:     4019 MB
    Driver:   30.0.15.1179
Initialize mono
Mono path[0] = 'C:/Program Files/Unity/Hub/Editor/2020.3.25f1/Editor/Data/Managed'
Mono path[1] = 'C:/Program Files/Unity/Hub/Editor/2020.3.25f1/Editor/Data/MonoBleedingEdge/lib/mono/unityjit'
Mono config path = 'C:/Program Files/Unity/Hub/Editor/2020.3.25f1/Editor/Data/MonoBleedingEdge/etc'
Using monoOptions --debugger-agent=transport=dt_socket,embedding=1,server=y,suspend=n,address=127.0.0.1:56452
Begin MonoManager ReloadAssembly
Registering precompiled unity dll's ...
Register platform support module: C:/Program Files/Unity/Hub/Editor/2020.3.25f1/Editor/Data/PlaybackEngines/WindowsStandaloneSupport/UnityEditor.WindowsStandalone.Extensions.dll
Registered in 0.005609 seconds.
Native extension for WindowsStandalone target not found
Refreshing native plugins compatible for Editor in 93.74 ms, found 2 plugins.
Preloading 0 native plugins for Editor in 0.00 ms.
Mono: successfully reloaded assembly
- Completed reload, in  0.871 seconds
Domain Reload Profiling:
	ReloadAssembly (871ms)
		BeginReloadAssembly (73ms)
			ExecutionOrderSort (0ms)
			DisableScriptedObjects (0ms)
			BackupInstance (0ms)
			ReleaseScriptingObjects (0ms)
			CreateAndSetChildDomain (1ms)
		EndReloadAssembly (616ms)
			LoadAssemblies (71ms)
			RebuildTransferFunctionScriptingTraits (0ms)
			SetupTypeCache (188ms)
			ReleaseScriptCaches (0ms)
			RebuildScriptCaches (35ms)
			SetupLoadedEditorAssemblies (273ms)
				LogAssemblyErrors (0ms)
				InitializePlatformSupportModulesInManaged (5ms)
				SetLoadedEditorAssemblies (0ms)
				RefreshPlugins (94ms)
				BeforeProcessingInitializeOnLoad (23ms)
				ProcessInitializeOnLoadAttributes (119ms)
				ProcessInitializeOnLoadMethodAttributes (32ms)
				AfterProcessingInitializeOnLoad (0ms)
				EditorAssembliesLoaded (0ms)
			ExecutionOrderSort2 (0ms)
			AwakeInstancesAfterBackupRestoration (0ms)
Platform modules already initialized, skipping
Registering precompiled user dll's ...
Registered in 0.006253 seconds.
Begin MonoManager ReloadAssembly
Native extension for WindowsStandalone target not found
Refreshing native plugins compatible for Editor in 87.37 ms, found 2 plugins.
Preloading 0 native plugins for Editor in 0.00 ms.
Mono: successfully reloaded assembly
- Completed reload, in  3.266 seconds
Domain Reload Profiling:
	ReloadAssembly (3272ms)
		BeginReloadAssembly (183ms)
			ExecutionOrderSort (0ms)
			DisableScriptedObjects (9ms)
			BackupInstance (0ms)
			ReleaseScriptingObjects (0ms)
			CreateAndSetChildDomain (25ms)
		EndReloadAssembly (3004ms)
			LoadAssemblies (121ms)
			RebuildTransferFunctionScriptingTraits (0ms)
			SetupTypeCache (1179ms)
			ReleaseScriptCaches (1ms)
			RebuildScriptCaches (72ms)
			SetupLoadedEditorAssemblies (1466ms)
				LogAssemblyErrors (0ms)
				InitializePlatformSupportModulesInManaged (4ms)
				SetLoadedEditorAssemblies (0ms)
				RefreshPlugins (87ms)
				BeforeProcessingInitializeOnLoad (120ms)
				ProcessInitializeOnLoadAttributes (436ms)
				ProcessInitializeOnLoadMethodAttributes (811ms)
				AfterProcessingInitializeOnLoad (8ms)
				EditorAssembliesLoaded (0ms)
			ExecutionOrderSort2 (0ms)
			AwakeInstancesAfterBackupRestoration (7ms)
Platform modules already initialized, skipping
========================================================================
Worker process is ready to serve import requests
Launched and connected shader compiler UnityShaderCompiler.exe after 0.13 seconds
Refreshing native plugins compatible for Editor in 0.70 ms, found 2 plugins.
Preloading 0 native plugins for Editor in 0.00 ms.
Unloading 2862 Unused Serialized files (Serialized files now loaded: 0)
System memory in use before: 227.5 MB.
System memory in use after: 227.7 MB.

Unloading 20 unused Assets to reduce memory usage. Loaded Objects now: 3329.
Total: 3.799900 ms (FindLiveObjects: 0.297600 ms CreateObjectMapping: 0.161500 ms MarkObjects: 3.121300 ms  DeleteObjects: 0.218000 ms)

AssetImportParameters requested are different than current active one (requested -> active):
  custom:framework-win-MediaFoundation: 216162199b28c13a410421893ffa2e32 -> 
  custom:video-decoder-ogg-theora: a1e56fd34408186e4bbccfd4996cb3dc -> 
  custom:container-muxer-webm: aa71ff27fc2769a1b78a27578f13a17b -> 
  custom:container-demuxer-webm: 4f35f7cbe854078d1ac9338744f61a02 -> 
  custom:container-demuxer-ogg: 62fdf1f143b41e24485cea50d1cbac27 -> 
  custom:video-encoder-webm-vp8: eb34c28f22e8b96e1ab97ce403110664 -> 
  custom:video-decoder-webm-vp8: 9c59270c3fd7afecdb556c50c9e8de78 -> 
  custom:audio-decoder-ogg-vorbis: bf7c407c2cedff20999df2af8eb42d56 -> 
  custom:audio-encoder-webm-vorbis: bf7c407c2cedff20999df2af8eb42d56 -> 
========================================================================
Received Import Request.
  path: Assets/Materials/stylezed low poly props/source/Props/Krest/krest_Material_AlbedoTransparency.tga
  artifactKey: Guid(cf4e4b91c126adf44b965c8b22fe2f76) Importer(815301076,1909f56bfc062723c751e8b465ee728b)
Start importing Assets/Materials/stylezed low poly props/source/Props/Krest/krest_Material_AlbedoTransparency.tga using Guid(cf4e4b91c126adf44b965c8b22fe2f76) Importer(815301076,1909f56bfc062723c751e8b465ee728b)  -> (artifact id: '495d49ca4cb1583cfbe4b6d2a6712f5f') in 0.111246 seconds 
  Import took 0.120103 seconds .

========================================================================
Received Import Request.
  Time since last request: 0.000634 seconds.
  path: Assets/Materials/stylezed low poly props/source/Props/Chain/Chain_DefaultMaterial_Normal.tga
  artifactKey: Guid(d91a1ede4160abe4c9cf2b5b03f2b16e) Importer(815301076,1909f56bfc062723c751e8b465ee728b)
Start importing Assets/Materials/stylezed low poly props/source/Props/Chain/Chain_DefaultMaterial_Normal.tga using Guid(d91a1ede4160abe4c9cf2b5b03f2b16e) Importer(815301076,1909f56bfc062723c751e8b465ee728b)  -> (artifact id: '2bc08e27de31d78e3101688c65fd157f') in 0.058154 seconds 
  Import took 0.064796 seconds .

========================================================================
Received Import Request.
  Time since last request: 0.000214 seconds.
  path: Assets/Materials/stylezed low poly props/source/Props/Props_RocketBox/rocket_DefaultMaterial_AlbedoTransparency.tga
  artifactKey: Guid(398da0b2a432a884c8c40e57bbfdbf58) Importer(815301076,1909f56bfc062723c751e8b465ee728b)
Start importing Assets/Materials/stylezed low poly props/source/Props/Props_RocketBox/rocket_DefaultMaterial_AlbedoTransparency.tga using Guid(398da0b2a432a884c8c40e57bbfdbf58) Importer(815301076,1909f56bfc062723c751e8b465ee728b)  -> (artifact id: '4100661df64bbadcfb5db55510bcc6ee') in 0.028804 seconds 
  Import took 0.035622 seconds .

========================================================================
Received Import Request.
  Time since last request: 0.000281 seconds.
  path: Assets/Materials/stylezed low poly props/source/Props/OgradaIzPrutev/1/Ograda iz prutev_DefaultMaterial_AO.tga
  artifactKey: Guid(ecd7326ef9193374ebd5ea5531188f2f) Importer(815301076,1909f56bfc062723c751e8b465ee728b)
Start importing Assets/Materials/stylezed low poly props/source/Props/OgradaIzPrutev/1/Ograda iz prutev_DefaultMaterial_AO.tga using Guid(ecd7326ef9193374ebd5ea5531188f2f) Importer(815301076,1909f56bfc062723c751e8b465ee728b)  -> (artifact id: '70302b146eb0e8871946e25cbc1620ca') in 0.038053 seconds 
  Import took 0.044755 seconds .

========================================================================
Received Import Request.
  Time since last request: 0.000289 seconds.
  path: Assets/Materials/stylezed low poly props/source/Props/Grob2Open/Grob2Open_DefaultMaterial_AO.tga
  artifactKey: Guid(ea5d727543087b04b9577e63a1f1de48) Importer(815301076,1909f56bfc062723c751e8b465ee728b)
Start importing Assets/Materials/stylezed low poly props/source/Props/Grob2Open/Grob2Open_DefaultMaterial_AO.tga using Guid(ea5d727543087b04b9577e63a1f1de48) Importer(815301076,1909f56bfc062723c751e8b465ee728b)  -> (artifact id: '827f488d21163b60b8c56fb54a77f86b') in 0.033135 seconds 
  Import took 0.041471 seconds .

========================================================================
Received Import Request.
  Time since last request: 0.000230 seconds.
  path: Assets/Materials/stylezed low poly props/source/Props/Krest/krest_Material_AO.tga
  artifactKey: Guid(b94a74b52465629409c715bc63153430) Importer(815301076,1909f56bfc062723c751e8b465ee728b)
Start importing Assets/Materials/stylezed low poly props/source/Props/Krest/krest_Material_AO.tga using Guid(b94a74b52465629409c715bc63153430) Importer(815301076,1909f56bfc062723c751e8b465ee728b)  -> (artifact id: '85415790ebc45ad22de987ee455c6913') in 0.026796 seconds 
  Import took 0.035068 seconds .

========================================================================
Received Import Request.
  Time since last request: 0.000232 seconds.
  path: Assets/Materials/stylezed low poly props/source/Modules/Modules_Bridge/bridge_DefaultMaterial_MetallicSmoothness.tga
  artifactKey: Guid(78a1753f5408499499b8647221ee058c) Importer(815301076,1909f56bfc062723c751e8b465ee728b)
Start importing Assets/Materials/stylezed low poly props/source/Modules/Modules_Bridge/bridge_DefaultMaterial_MetallicSmoothness.tga using Guid(78a1753f5408499499b8647221ee058c) Importer(815301076,1909f56bfc062723c751e8b465ee728b)  -> (artifact id: 'd6fc22067bd31aef5203884763ef9879') in 0.029904 seconds 
  Import took 0.038979 seconds .

========================================================================
Received Import Request.
  Time since last request: 0.000378 seconds.
  path: Assets/Materials/stylezed low poly props/source/Props/Grob1/Grob1Zakrytyi_DefaultMaterial_AlbedoTransparency.tga
  artifactKey: Guid(eea640fa65316094c97a269f8543a8a1) Importer(815301076,1909f56bfc062723c751e8b465ee728b)
Start importing Assets/Materials/stylezed low poly props/source/Props/Grob1/Grob1Zakrytyi_DefaultMaterial_AlbedoTransparency.tga using Guid(eea640fa65316094c97a269f8543a8a1) Importer(815301076,1909f56bfc062723c751e8b465ee728b)  -> (artifact id: '03fcf6c465c7d6fba5f273b47ae70135') in 0.029757 seconds 
  Import took 0.045818 seconds .

========================================================================
Received Import Request.
  Time since last request: 0.000211 seconds.
  path: Assets/Materials/stylezed low poly props/source/Props/Grob2Open/Grob2Open_DefaultMaterial_Normal.tga
  artifactKey: Guid(7dcab2647ecd27f4e93bbf5c03398e93) Importer(815301076,1909f56bfc062723c751e8b465ee728b)
Start importing Assets/Materials/stylezed low poly props/source/Props/Grob2Open/Grob2Open_DefaultMaterial_Normal.tga using Guid(7dcab2647ecd27f4e93bbf5c03398e93) Importer(815301076,1909f56bfc062723c751e8b465ee728b)  -> (artifact id: 'e9050cd31db2c152112e62eb18eaabaa') in 0.044456 seconds 
  Import took 0.053090 seconds .

========================================================================
Received Import Request.
  Time since last request: 0.000236 seconds.
  path: Assets/Materials/stylezed low poly props/source/Props/Krest/krest_Material_MetallicSmoothness.tga
  artifactKey: Guid(40f0aed78dc3d9440b88cf26196e3070) Importer(815301076,1909f56bfc062723c751e8b465ee728b)
Start importing Assets/Materials/stylezed low poly props/source/Props/Krest/krest_Material_MetallicSmoothness.tga using Guid(40f0aed78dc3d9440b88cf26196e3070) Importer(815301076,1909f56bfc062723c751e8b465ee728b)  -> (artifact id: '18c6df2c41ce141e10bc731b5ab9175a') in 0.025973 seconds 
  Import took 0.040118 seconds .

========================================================================
Received Import Request.
  Time since last request: 0.000244 seconds.
  path: Assets/Materials/stylezed low poly props/source/Modules/Modules_Ladder/ladder_MetallicSmoothness.tga
  artifactKey: Guid(4c1503c954f5cb14d9fbecde12331670) Importer(815301076,1909f56bfc062723c751e8b465ee728b)
Start importing Assets/Materials/stylezed low poly props/source/Modules/Modules_Ladder/ladder_MetallicSmoothness.tga using Guid(4c1503c954f5cb14d9fbecde12331670) Importer(815301076,1909f56bfc062723c751e8b465ee728b)  -> (artifact id: 'b096cde2cf95f9c6b88274adb33046c3') in 0.028538 seconds 
  Import took 0.035874 seconds .

========================================================================
Received Import Request.
  Time since last request: 0.000215 seconds.
  path: Assets/Materials/stylezed low poly props/source/Props/Nadgrobie/NadGrobie_DefaultMaterial_Normal.tga
  artifactKey: Guid(683de055c0aa66a4589a2650b6fec332) Importer(815301076,1909f56bfc062723c751e8b465ee728b)
Start importing Assets/Materials/stylezed low poly props/source/Props/Nadgrobie/NadGrobie_DefaultMaterial_Normal.tga using Guid(683de055c0aa66a4589a2650b6fec332) Importer(815301076,1909f56bfc062723c751e8b465ee728b)  -> (artifact id: '079d82218263d842846a508900d7769b') in 0.029188 seconds 
  Import took 0.034513 seconds .

========================================================================
Received Import Request.
  Time since last request: 0.000225 seconds.
  path: Assets/Materials/stylezed low poly props/source/Props/Grob1/Grob1Zakrytyi_DefaultMaterial_AO.tga
  artifactKey: Guid(7aee120557b9f60459e87139f7d8f271) Importer(815301076,1909f56bfc062723c751e8b465ee728b)
Start importing Assets/Materials/stylezed low poly props/source/Props/Grob1/Grob1Zakrytyi_DefaultMaterial_AO.tga using Guid(7aee120557b9f60459e87139f7d8f271) Importer(815301076,1909f56bfc062723c751e8b465ee728b)  -> (artifact id: 'd005d65d4814297fe730aa321ba4105a') in 0.028157 seconds 
  Import took 0.033514 seconds .

========================================================================
Received Import Request.
  Time since last request: 0.000193 seconds.
  path: Assets/Materials/stylezed low poly props/source/Props/Grob2Open/Grob2Open_DefaultMaterial_MetallicSmoothness.tga
  artifactKey: Guid(80c4fcef6d497de409f2e04fefed2496) Importer(815301076,1909f56bfc062723c751e8b465ee728b)
Start importing Assets/Materials/stylezed low poly props/source/Props/Grob2Open/Grob2Open_DefaultMaterial_MetallicSmoothness.tga using Guid(80c4fcef6d497de409f2e04fefed2496) Importer(815301076,1909f56bfc062723c751e8b465ee728b)  -> (artifact id: '4b8b3e7c4d10ce22f0b64dbcc6ca552e') in 0.027568 seconds 
  Import took 0.033769 seconds .

========================================================================
Received Import Request.
  Time since last request: 0.000215 seconds.
  path: Assets/Materials/stylezed low poly props/source/Props/OgradaIzPrutev/1/Ograda iz prutev_DefaultMaterial_AlbedoTransparency.tga
  artifactKey: Guid(e7dac30c057e4b04b9ed1acec161656a) Importer(815301076,1909f56bfc062723c751e8b465ee728b)
Start importing Assets/Materials/stylezed low poly props/source/Props/OgradaIzPrutev/1/Ograda iz prutev_DefaultMaterial_AlbedoTransparency.tga using Guid(e7dac30c057e4b04b9ed1acec161656a) Importer(815301076,1909f56bfc062723c751e8b465ee728b)  -> (artifact id: 'b04760824d213ac876be67ec04326ce0') in 0.028967 seconds 
  Import took 0.034350 seconds .

========================================================================
Received Import Request.
  Time since last request: 0.000198 seconds.
  path: Assets/Materials/stylezed low poly props/source/Props/Ograda/Ograda_Material.001_AlbedoTransparency.tga
  artifactKey: Guid(36c48c9effbe1b2458a9c2b21a8d6bad) Importer(815301076,1909f56bfc062723c751e8b465ee728b)
Start importing Assets/Materials/stylezed low poly props/source/Props/Ograda/Ograda_Material.001_AlbedoTransparency.tga using Guid(36c48c9effbe1b2458a9c2b21a8d6bad) Importer(815301076,1909f56bfc062723c751e8b465ee728b)  -> (artifact id: '97da772be928bcaac2b707979e8f4865') in 0.033403 seconds 
  Import took 0.042876 seconds .

========================================================================
Received Import Request.
  Time since last request: 0.000355 seconds.
  path: Assets/Materials/Tom's Terrain Tools/Example AutoMagic/Terrain-297665599-splatmap.tiff
  artifactKey: Guid(df2b902d44262495fa6d4b7b4a22ca0a) Importer(815301076,1909f56bfc062723c751e8b465ee728b)
Start importing Assets/Materials/Tom's Terrain Tools/Example AutoMagic/Terrain-297665599-splatmap.tiff using Guid(df2b902d44262495fa6d4b7b4a22ca0a) Importer(815301076,1909f56bfc062723c751e8b465ee728b)  -> (artifact id: 'ddab2e901cc14a71571ace5b6d448ac7') in 0.065013 seconds 
  Import took 0.071993 seconds .

========================================================================
Received Import Request.
  Time since last request: 0.000199 seconds.
  path: Assets/Materials/Tom's Terrain Tools/Example AutoMagic/Terrain-1549969568-splatmap.tiff
  artifactKey: Guid(ee0f6f8ce63c8429c8d09f3be1edf06b) Importer(815301076,1909f56bfc062723c751e8b465ee728b)
Start importing Assets/Materials/Tom's Terrain Tools/Example AutoMagic/Terrain-1549969568-splatmap.tiff using Guid(ee0f6f8ce63c8429c8d09f3be1edf06b) Importer(815301076,1909f56bfc062723c751e8b465ee728b)  -> (artifact id: 'ad9a42c96a406059c2c15caa142546eb') in 0.038139 seconds 
  Import took 0.047149 seconds .

========================================================================
Received Import Request.
  Time since last request: 0.000234 seconds.
  path: Assets/New Terrain 1.asset
  artifactKey: Guid(f369298e363b24f4aa5bb512bf060b52) Importer(815301076,1909f56bfc062723c751e8b465ee728b)
Start importing Assets/New Terrain 1.asset using Guid(f369298e363b24f4aa5bb512bf060b52) Importer(815301076,1909f56bfc062723c751e8b465ee728b) The tree Tree2 must use the Nature/Soft Occlusion shader. Otherwise billboarding/lighting will not work correctly.
The tree Tree3 must use the Nature/Soft Occlusion shader. Otherwise billboarding/lighting will not work correctly.
The tree Tree1 must use the Nature/Soft Occlusion shader. Otherwise billboarding/lighting will not work correctly.
 -> (artifact id: '8cb7654556de8e2bca3f70d0c208a906') in 0.326512 seconds 
  Import took 0.333456 seconds .

========================================================================
Received Import Request.
  Time since last request: 0.000225 seconds.
  path: Assets/Materials/stylezed low poly props/source/Modules/Modules_Wall/Wall_AO.tga
  artifactKey: Guid(f35c1dc5263941b45a27e1bef689e58f) Importer(815301076,1909f56bfc062723c751e8b465ee728b)
Start importing Assets/Materials/stylezed low poly props/source/Modules/Modules_Wall/Wall_AO.tga using Guid(f35c1dc5263941b45a27e1bef689e58f) Importer(815301076,1909f56bfc062723c751e8b465ee728b)  -> (artifact id: 'efd20e629e3a9a78a6a1e0198b8d7784') in 0.029950 seconds 
  Import took 0.035860 seconds .

========================================================================
Received Import Request.
  Time since last request: 0.000192 seconds.
  path: Assets/Materials/stylezed low poly props/source/Props/Tree3/Tree3_DefaultMaterial_AO.tga
  artifactKey: Guid(12670062f305b6e408e819968256a4c2) Importer(815301076,1909f56bfc062723c751e8b465ee728b)
Start importing Assets/Materials/stylezed low poly props/source/Props/Tree3/Tree3_DefaultMaterial_AO.tga using Guid(12670062f305b6e408e819968256a4c2) Importer(815301076,1909f56bfc062723c751e8b465ee728b)  -> (artifact id: 'e1e132dc967ae4ce0c159c57c07a3d71') in 0.024900 seconds 
  Import took 0.031811 seconds .

========================================================================
Received Import Request.
  Time since last request: 0.000313 seconds.
  path: Assets/Materials/stylezed low poly props/source/Props/Tree2/Tree2_DefaultMaterial_Normal.tga
  artifactKey: Guid(0eae8b080136847428a27ae6e859b556) Importer(815301076,1909f56bfc062723c751e8b465ee728b)
Start importing Assets/Materials/stylezed low poly props/source/Props/Tree2/Tree2_DefaultMaterial_Normal.tga using Guid(0eae8b080136847428a27ae6e859b556) Importer(815301076,1909f56bfc062723c751e8b465ee728b)  -> (artifact id: '1d6d36656bc8bb44318d7bd16e3b9099') in 0.024098 seconds 
  Import took 0.031473 seconds .

========================================================================
Received Import Request.
  Time since last request: 0.000224 seconds.
  path: Assets/Materials/stylezed low poly props/source/Props/Tree1/Tree1_DefaultMaterial_AO.tga
  artifactKey: Guid(3db86fa7a2bd20342aa9f0b481171a83) Importer(815301076,1909f56bfc062723c751e8b465ee728b)
Start importing Assets/Materials/stylezed low poly props/source/Props/Tree1/Tree1_DefaultMaterial_AO.tga using Guid(3db86fa7a2bd20342aa9f0b481171a83) Importer(815301076,1909f56bfc062723c751e8b465ee728b)  -> (artifact id: '34807c89708b42e7bdcb3ec2b75bd813') in 0.030298 seconds 
  Import took 0.035916 seconds .

========================================================================
Received Import Request.
  Time since last request: 0.000225 seconds.
  path: Assets/Materials/stylezed low poly props/source/Props/Tree3/Tree3_DefaultMaterial_MetallicSmoothness.tga
  artifactKey: Guid(dbdfbf20070044047b144e6930839724) Importer(815301076,1909f56bfc062723c751e8b465ee728b)
Start importing Assets/Materials/stylezed low poly props/source/Props/Tree3/Tree3_DefaultMaterial_MetallicSmoothness.tga using Guid(dbdfbf20070044047b144e6930839724) Importer(815301076,1909f56bfc062723c751e8b465ee728b)  -> (artifact id: 'c086cc448f8f824d6ecb0c55218c60a6') in 0.021754 seconds 
  Import took 0.030085 seconds .

========================================================================
Received Import Request.
  Time since last request: 0.000244 seconds.
  path: Assets/Materials/stylezed low poly props/source/Props/Grob1/Grob1Zakrytyi_DefaultMaterial_Normal.tga
  artifactKey: Guid(76df579ea2af4634ea716ea12300304c) Importer(815301076,1909f56bfc062723c751e8b465ee728b)
Start importing Assets/Materials/stylezed low poly props/source/Props/Grob1/Grob1Zakrytyi_DefaultMaterial_Normal.tga using Guid(76df579ea2af4634ea716ea12300304c) Importer(815301076,1909f56bfc062723c751e8b465ee728b)  -> (artifact id: 'f674f7d8e0e5da825ffa1b27dcd05769') in 0.031292 seconds 
  Import took 0.037456 seconds .

========================================================================
Received Import Request.
  Time since last request: 0.000209 seconds.
  path: Assets/Materials/stylezed low poly props/source/Modules/Modules_Floor/floor_AO.tga
  artifactKey: Guid(653f5260c2982524496fb55f32014698) Importer(815301076,1909f56bfc062723c751e8b465ee728b)
Start importing Assets/Materials/stylezed low poly props/source/Modules/Modules_Floor/floor_AO.tga using Guid(653f5260c2982524496fb55f32014698) Importer(815301076,1909f56bfc062723c751e8b465ee728b)  -> (artifact id: '016b05baa5003a9218ed13633fbc1154') in 0.027450 seconds 
  Import took 0.035160 seconds .

========================================================================
Received Import Request.
  Time since last request: 0.000492 seconds.
  path: Assets/Materials/stylezed low poly props/source/Props/Props_RocketBox/rocket_DefaultMaterial_AO.tga
  artifactKey: Guid(b8f4881a4b21eb7439378f4c0d8bc641) Importer(815301076,1909f56bfc062723c751e8b465ee728b)
Start importing Assets/Materials/stylezed low poly props/source/Props/Props_RocketBox/rocket_DefaultMaterial_AO.tga using Guid(b8f4881a4b21eb7439378f4c0d8bc641) Importer(815301076,1909f56bfc062723c751e8b465ee728b)  -> (artifact id: '29e4d7e6e64b356048d3f34a06164c9d') in 0.031282 seconds 
  Import took 0.038729 seconds .

========================================================================
Received Import Request.
  Time since last request: 0.000199 seconds.
  path: Assets/Materials/Tom's Terrain Tools/Example AutoMagic/Terrain-297665599-grassmap.tiff
  artifactKey: Guid(68c584c6bc9344c9eaa6a2ba27b0427f) Importer(815301076,1909f56bfc062723c751e8b465ee728b)
Start importing Assets/Materials/Tom's Terrain Tools/Example AutoMagic/Terrain-297665599-grassmap.tiff using Guid(68c584c6bc9344c9eaa6a2ba27b0427f) Importer(815301076,1909f56bfc062723c751e8b465ee728b)  -> (artifact id: '3ea4952a3de1527551fadb8d7e45cdfe') in 0.030024 seconds 
  Import took 0.035363 seconds .

========================================================================
Received Import Request.
  Time since last request: 0.000209 seconds.
  path: Assets/Materials/stylezed low poly props/source/Props/Grob1/Grob1Zakrytyi_DefaultMaterial_MetallicSmoothness.tga
  artifactKey: Guid(8d5a8fb8992ffbc44848046c2e54ff3e) Importer(815301076,1909f56bfc062723c751e8b465ee728b)
Start importing Assets/Materials/stylezed low poly props/source/Props/Grob1/Grob1Zakrytyi_DefaultMaterial_MetallicSmoothness.tga using Guid(8d5a8fb8992ffbc44848046c2e54ff3e) Importer(815301076,1909f56bfc062723c751e8b465ee728b)  -> (artifact id: '59b357a3fee533dca298988e9fe06ed7') in 0.027271 seconds 
  Import took 0.032866 seconds .

========================================================================
Received Import Request.
  Time since last request: 0.000198 seconds.
  path: Assets/Materials/Tom's Terrain Tools/Example AutoMagic/Terrain-1549969568-grassmap.tiff
  artifactKey: Guid(cf3a8bb8fb9154c6ab9cec72f9aa375b) Importer(815301076,1909f56bfc062723c751e8b465ee728b)
Start importing Assets/Materials/Tom's Terrain Tools/Example AutoMagic/Terrain-1549969568-grassmap.tiff using Guid(cf3a8bb8fb9154c6ab9cec72f9aa375b) Importer(815301076,1909f56bfc062723c751e8b465ee728b)  -> (artifact id: 'f703d793f73814bccfc3fe39a812bb20') in 0.030437 seconds 
  Import took 0.035841 seconds .

========================================================================
Received Import Request.
  Time since last request: 0.000209 seconds.
  path: Assets/Materials/stylezed low poly props/source/Props/Props_RocketBox/rocket_DefaultMaterial_Normal.tga
  artifactKey: Guid(ba940396a4eaa3449a6af725653e3bc8) Importer(815301076,1909f56bfc062723c751e8b465ee728b)
Start importing Assets/Materials/stylezed low poly props/source/Props/Props_RocketBox/rocket_DefaultMaterial_Normal.tga using Guid(ba940396a4eaa3449a6af725653e3bc8) Importer(815301076,1909f56bfc062723c751e8b465ee728b)  -> (artifact id: '8379806ecaeb43230acb854167dfbbc9') in 0.042411 seconds 
  Import took 0.048185 seconds .

========================================================================
Received Import Request.
  Time since last request: 0.000201 seconds.
  path: Assets/Materials/stylezed low poly props/source/Props/Grob2Open/Grob2Open_DefaultMaterial_AlbedoTransparency.tga
  artifactKey: Guid(9e6fff04ea48a2a4ab426dda8e3384ad) Importer(815301076,1909f56bfc062723c751e8b465ee728b)
Start importing Assets/Materials/stylezed low poly props/source/Props/Grob2Open/Grob2Open_DefaultMaterial_AlbedoTransparency.tga using Guid(9e6fff04ea48a2a4ab426dda8e3384ad) Importer(815301076,1909f56bfc062723c751e8b465ee728b)  -> (artifact id: '1a507cae49818fd4211d361b23a84f1e') in 0.027015 seconds 
  Import took 0.032308 seconds .

========================================================================
Received Import Request.
  Time since last request: 0.000194 seconds.
  path: Assets/TextMesh Pro/Resources/Fonts & Materials/LiberationSans SDF.asset
  artifactKey: Guid(8f586378b4e144a9851e7b34d9b748ee) Importer(815301076,1909f56bfc062723c751e8b465ee728b)
Start importing Assets/TextMesh Pro/Resources/Fonts & Materials/LiberationSans SDF.asset using Guid(8f586378b4e144a9851e7b34d9b748ee) Importer(815301076,1909f56bfc062723c751e8b465ee728b)  -> (artifact id: '75fb6acc36392e24c833125021e77b84') in 0.233765 seconds 
  Import took 0.238921 seconds .

========================================================================
Received Import Request.
  Time since last request: 0.000353 seconds.
  path: Assets/Materials/Tom's Terrain Tools/Example AutoMagic/Terrain-2124401101-splatmap.tiff
  artifactKey: Guid(ce7a9f96350c84382aaa317bd07b7526) Importer(815301076,1909f56bfc062723c751e8b465ee728b)
Start importing Assets/Materials/Tom's Terrain Tools/Example AutoMagic/Terrain-2124401101-splatmap.tiff using Guid(ce7a9f96350c84382aaa317bd07b7526) Importer(815301076,1909f56bfc062723c751e8b465ee728b)  -> (artifact id: '4d41c847e5435d41b3cf09a1dedb2390') in 0.032140 seconds 
  Import took 0.038907 seconds .

========================================================================
Received Import Request.
  Time since last request: 0.000328 seconds.
  path: Assets/Materials/Tom's Terrain Tools/Example AutoMagic/Terrain-1549969568-treemap.tiff
  artifactKey: Guid(cf312f42b19454b93aac64e0745c353e) Importer(815301076,1909f56bfc062723c751e8b465ee728b)
Start importing Assets/Materials/Tom's Terrain Tools/Example AutoMagic/Terrain-1549969568-treemap.tiff using Guid(cf312f42b19454b93aac64e0745c353e) Importer(815301076,1909f56bfc062723c751e8b465ee728b)  -> (artifact id: '009f608d21b4e63fdf4f7bb5162ce92c') in 0.034525 seconds 
  Import took 0.039623 seconds .

========================================================================
Received Import Request.
  Time since last request: 0.000255 seconds.
  path: Assets/Materials/stylezed low poly props/source/Modules/Modules_Wall/Wall_AlbedoTransparency.tga
  artifactKey: Guid(57f5f1b155e478b48a48a4545bb58f17) Importer(815301076,1909f56bfc062723c751e8b465ee728b)
Start importing Assets/Materials/stylezed low poly props/source/Modules/Modules_Wall/Wall_AlbedoTransparency.tga using Guid(57f5f1b155e478b48a48a4545bb58f17) Importer(815301076,1909f56bfc062723c751e8b465ee728b)  -> (artifact id: '0bb2c59b255e8e43d5de60267c36c058') in 0.033361 seconds 
  Import took 0.040043 seconds .

========================================================================
Received Import Request.
  Time since last request: 0.000361 seconds.
  path: Assets/Materials/stylezed low poly props/source/Modules/Modules_Ladder/ladder_AlbedoTransparency.tga
  artifactKey: Guid(0d365751242ac3f408da283d7ba2bdcf) Importer(815301076,1909f56bfc062723c751e8b465ee728b)
Start importing Assets/Materials/stylezed low poly props/source/Modules/Modules_Ladder/ladder_AlbedoTransparency.tga using Guid(0d365751242ac3f408da283d7ba2bdcf) Importer(815301076,1909f56bfc062723c751e8b465ee728b)  -> (artifact id: '570a8e5e810c1115e7d0c1f8c340c53a') in 0.029836 seconds 
  Import took 0.036260 seconds .

========================================================================
Received Import Request.
  Time since last request: 0.000189 seconds.
  path: Assets/Materials/Tom's Terrain Tools/Example Data/TerrainExample2.asset
  artifactKey: Guid(db98a015c05d62c408f821c95bde9df2) Importer(815301076,1909f56bfc062723c751e8b465ee728b)
Start importing Assets/Materials/Tom's Terrain Tools/Example Data/TerrainExample2.asset using Guid(db98a015c05d62c408f821c95bde9df2) Importer(815301076,1909f56bfc062723c751e8b465ee728b) Tree prefab at index 0 is missing.
Tree prefab at index 1 is missing.
Tree prefab at index 2 is missing.
 -> (artifact id: 'b6590883fe07df24bba01e0aa5148a0f') in 0.157277 seconds 
  Import took 0.163362 seconds .

========================================================================
Received Import Request.
  Time since last request: 0.000322 seconds.
  path: Assets/Materials/Slum Houses/Texture/Tin sheet_DefaultMaterial_Normal.png
  artifactKey: Guid(403cd80e6ca2f314bb29b52342560089) Importer(815301076,1909f56bfc062723c751e8b465ee728b)
Start importing Assets/Materials/Slum Houses/Texture/Tin sheet_DefaultMaterial_Normal.png using Guid(403cd80e6ca2f314bb29b52342560089) Importer(815301076,1909f56bfc062723c751e8b465ee728b)  -> (artifact id: '7790acba27d8f3e56402d94dc42d378e') in 0.093797 seconds 
  Import took 0.100188 seconds .

========================================================================
Received Import Request.
  Time since last request: 0.000231 seconds.
  path: Assets/Materials/Tom's Terrain Tools/Example Data/TerrainExample1.asset
  artifactKey: Guid(aae57fdffe9d7634badd8076e8e76435) Importer(815301076,1909f56bfc062723c751e8b465ee728b)
Start importing Assets/Materials/Tom's Terrain Tools/Example Data/TerrainExample1.asset using Guid(aae57fdffe9d7634badd8076e8e76435) Importer(815301076,1909f56bfc062723c751e8b465ee728b) Tree prefab at index 0 is missing.
Tree prefab at index 1 is missing.
Tree prefab at index 2 is missing.
 -> (artifact id: 'bec29f3fdd19af3372e3886d110bac28') in 0.223122 seconds 
  Import took 0.230174 seconds .

========================================================================
Received Import Request.
  Time since last request: 0.000435 seconds.
  path: Assets/Materials/stylezed low poly props/source/Props/Chain/Chain_DefaultMaterial_MetallicSmoothness.tga
  artifactKey: Guid(a5d4003f42d2ac64d9a3296e57c990f1) Importer(815301076,1909f56bfc062723c751e8b465ee728b)
Start importing Assets/Materials/stylezed low poly props/source/Props/Chain/Chain_DefaultMaterial_MetallicSmoothness.tga using Guid(a5d4003f42d2ac64d9a3296e57c990f1) Importer(815301076,1909f56bfc062723c751e8b465ee728b)  -> (artifact id: '2238c2a98dfee1319b725a638c56e6eb') in 0.032205 seconds 
  Import took 0.041117 seconds .

========================================================================
Received Import Request.
  Time since last request: 0.000322 seconds.
  path: Assets/Materials/Tom's Terrain Tools/Example Data/Example_sliceMap.png
  artifactKey: Guid(b3e4fb69e948d2d4d84c718910d6a05e) Importer(815301076,1909f56bfc062723c751e8b465ee728b)
Start importing Assets/Materials/Tom's Terrain Tools/Example Data/Example_sliceMap.png using Guid(b3e4fb69e948d2d4d84c718910d6a05e) Importer(815301076,1909f56bfc062723c751e8b465ee728b)  -> (artifact id: 'cdec515819a80737fd09e557371430a0') in 0.058297 seconds 
  Import took 0.065060 seconds .

========================================================================
Received Import Request.
  Time since last request: 0.000265 seconds.
  path: Assets/Materials/stylezed low poly props/source/Modules/Modules_Column/column_MetallicSmoothness.tga
  artifactKey: Guid(fb385048db2f6b64e8ecf1a2f8ced27a) Importer(815301076,1909f56bfc062723c751e8b465ee728b)
Start importing Assets/Materials/stylezed low poly props/source/Modules/Modules_Column/column_MetallicSmoothness.tga using Guid(fb385048db2f6b64e8ecf1a2f8ced27a) Importer(815301076,1909f56bfc062723c751e8b465ee728b)  -> (artifact id: 'c7a43572c79acb5f61538f4f2b9234a5') in 0.028249 seconds 
  Import took 0.034043 seconds .

========================================================================
Received Import Request.
  Time since last request: 0.000208 seconds.
  path: Assets/Materials/stylezed low poly props/source/Props/Props_MedKit/medkit_MetallicSmoothness.tga
  artifactKey: Guid(9b8cdef580007284f898c0e652bbb779) Importer(815301076,1909f56bfc062723c751e8b465ee728b)
Start importing Assets/Materials/stylezed low poly props/source/Props/Props_MedKit/medkit_MetallicSmoothness.tga using Guid(9b8cdef580007284f898c0e652bbb779) Importer(815301076,1909f56bfc062723c751e8b465ee728b)  -> (artifact id: 'f41662bd502b8fc00f74ac2e53f9521c') in 0.029676 seconds 
  Import took 0.035186 seconds .

========================================================================
Received Import Request.
  Time since last request: 0.000205 seconds.
  path: Assets/Materials/stylezed low poly props/source/Props/Tree2/Tree2_DefaultMaterial_AO.tga
  artifactKey: Guid(a0199d2c8d775f64ca86834deb472099) Importer(815301076,1909f56bfc062723c751e8b465ee728b)
Start importing Assets/Materials/stylezed low poly props/source/Props/Tree2/Tree2_DefaultMaterial_AO.tga using Guid(a0199d2c8d775f64ca86834deb472099) Importer(815301076,1909f56bfc062723c751e8b465ee728b)  -> (artifact id: '71930d2e21f2b078d4e7f57162d06507') in 0.023527 seconds 
  Import took 0.030538 seconds .

========================================================================
Received Import Request.
  Time since last request: 0.000214 seconds.
  path: Assets/Materials/stylezed low poly props/source/Modules/Modules_Column/column_AO.tga
  artifactKey: Guid(41702baac615f4545b1a28bad5014df9) Importer(815301076,1909f56bfc062723c751e8b465ee728b)
Start importing Assets/Materials/stylezed low poly props/source/Modules/Modules_Column/column_AO.tga using Guid(41702baac615f4545b1a28bad5014df9) Importer(815301076,1909f56bfc062723c751e8b465ee728b)  -> (artifact id: 'eaf997d47209b532c8928d3e52880511') in 0.032506 seconds 
  Import took 0.038354 seconds .

========================================================================
Received Import Request.
  Time since last request: 0.000191 seconds.
  path: Assets/Characters/GraveyardChar/Sad Walk.fbx
  artifactKey: Guid(5a28e0bccb879e444b828412be6d8e17) Importer(815301076,1909f56bfc062723c751e8b465ee728b)
Start importing Assets/Characters/GraveyardChar/Sad Walk.fbx using Guid(5a28e0bccb879e444b828412be6d8e17) Importer(815301076,1909f56bfc062723c751e8b465ee728b)  -> (artifact id: 'c6c7e96c94a60a7d296ea87a87758139') in 0.131443 seconds 
  Import took 0.138137 seconds .

========================================================================
Received Import Request.
  Time since last request: 0.000225 seconds.
  path: Assets/Materials/stylezed low poly props/source/Modules/Modules_Wall/Wall_Normal.tga
  artifactKey: Guid(26867c02d42b9704ebf9e3f29fd3904c) Importer(815301076,1909f56bfc062723c751e8b465ee728b)
Start importing Assets/Materials/stylezed low poly props/source/Modules/Modules_Wall/Wall_Normal.tga using Guid(26867c02d42b9704ebf9e3f29fd3904c) Importer(815301076,1909f56bfc062723c751e8b465ee728b)  -> (artifact id: '0240be0162a5ea8ae8fe4d5c4da93f8c') in 0.032737 seconds 
  Import took 0.038353 seconds .

========================================================================
Received Import Request.
  Time since last request: 0.000248 seconds.
  path: Assets/Materials/stylezed low poly props/source/Props/Ograda/Ograda_Material.001_MetallicSmoothness.tga
  artifactKey: Guid(32e2246cf61ef674494ddb2ab1f1d96e) Importer(815301076,1909f56bfc062723c751e8b465ee728b)
Start importing Assets/Materials/stylezed low poly props/source/Props/Ograda/Ograda_Material.001_MetallicSmoothness.tga using Guid(32e2246cf61ef674494ddb2ab1f1d96e) Importer(815301076,1909f56bfc062723c751e8b465ee728b)  -> (artifact id: '3153bcfdd79292b1a77296984fa72ca9') in 0.034626 seconds 
  Import took 0.040069 seconds .

========================================================================
Received Import Request.
  Time since last request: 0.000213 seconds.
  path: Assets/Materials/stylezed low poly props/source/Props/Tree1/Tree1_DefaultMaterial_MetallicSmoothness.tga
  artifactKey: Guid(0988c55f9f4b2cd4cb331b114cb2db7f) Importer(815301076,1909f56bfc062723c751e8b465ee728b)
Start importing Assets/Materials/stylezed low poly props/source/Props/Tree1/Tree1_DefaultMaterial_MetallicSmoothness.tga using Guid(0988c55f9f4b2cd4cb331b114cb2db7f) Importer(815301076,1909f56bfc062723c751e8b465ee728b)  -> (artifact id: 'b26927fe40080f624b7d010bdaf321fd') in 0.020445 seconds 
  Import took 0.029277 seconds .

========================================================================
Received Import Request.
  Time since last request: 0.000313 seconds.
  path: Assets/Materials/stylezed low poly props/source/Props/Tree1/Tree1_DefaultMaterial_AlbedoTransparency.tga
  artifactKey: Guid(43c0086963be96e41b9f33abac0e3a70) Importer(815301076,1909f56bfc062723c751e8b465ee728b)
Start importing Assets/Materials/stylezed low poly props/source/Props/Tree1/Tree1_DefaultMaterial_AlbedoTransparency.tga using Guid(43c0086963be96e41b9f33abac0e3a70) Importer(815301076,1909f56bfc062723c751e8b465ee728b)  -> (artifact id: '1dc4edf2b55ad4df393362222fb97d5a') in 0.022058 seconds 
  Import took 0.028551 seconds .

========================================================================
Received Import Request.
  Time since last request: 0.000223 seconds.
  path: Assets/Materials/stylezed low poly props/source/Props/Dirt/2/DirtWithLopata_DefaultMaterial_AlbedoTransparency.tga
  artifactKey: Guid(c42472e86f1a28646aad68d1862792c5) Importer(815301076,1909f56bfc062723c751e8b465ee728b)
Start importing Assets/Materials/stylezed low poly props/source/Props/Dirt/2/DirtWithLopata_DefaultMaterial_AlbedoTransparency.tga using Guid(c42472e86f1a28646aad68d1862792c5) Importer(815301076,1909f56bfc062723c751e8b465ee728b)  -> (artifact id: 'eca8a751922f1d300c93feb050e199d3') in 0.030551 seconds 
  Import took 0.037005 seconds .

========================================================================
Received Import Request.
  Time since last request: 0.000216 seconds.
  path: Assets/Materials/Slum Houses/Texture/Tin sheet_DefaultMaterial_AlbedoTransparency.png
  artifactKey: Guid(33d2a1578f4a4914dbdff3f6cf2de389) Importer(815301076,1909f56bfc062723c751e8b465ee728b)
Start importing Assets/Materials/Slum Houses/Texture/Tin sheet_DefaultMaterial_AlbedoTransparency.png using Guid(33d2a1578f4a4914dbdff3f6cf2de389) Importer(815301076,1909f56bfc062723c751e8b465ee728b)  -> (artifact id: '7cf1da272db6161a7ab3c37719b80c0d') in 0.033648 seconds 
  Import took 0.040363 seconds .

========================================================================
Received Import Request.
  Time since last request: 0.000441 seconds.
  path: Assets/Materials/stylezed low poly props/source/Props/Dirt/1/DirtWithLopata_DefaultMaterial_MetallicSmoothness.tga
  artifactKey: Guid(827ffa81a58440f4eb90c930d5831a79) Importer(815301076,1909f56bfc062723c751e8b465ee728b)
Start importing Assets/Materials/stylezed low poly props/source/Props/Dirt/1/DirtWithLopata_DefaultMaterial_MetallicSmoothness.tga using Guid(827ffa81a58440f4eb90c930d5831a79) Importer(815301076,1909f56bfc062723c751e8b465ee728b)  -> (artifact id: '95c46ebe715374d438867a229d8ef335') in 0.026155 seconds 
  Import took 0.032823 seconds .

========================================================================
Received Import Request.
  Time since last request: 0.000447 seconds.
  path: Assets/Materials/stylezed low poly props/source/Modules/Modules_Bridge/bridge_DefaultMaterial_AO.tga
  artifactKey: Guid(c827d8db95e5ce54281f6aefdcb4a863) Importer(815301076,1909f56bfc062723c751e8b465ee728b)
Start importing Assets/Materials/stylezed low poly props/source/Modules/Modules_Bridge/bridge_DefaultMaterial_AO.tga using Guid(c827d8db95e5ce54281f6aefdcb4a863) Importer(815301076,1909f56bfc062723c751e8b465ee728b)  -> (artifact id: 'ffab4446196a96932a9a412a60e32d8f') in 0.026384 seconds 
  Import took 0.034973 seconds .

========================================================================
Received Import Request.
  Time since last request: 0.000204 seconds.
  path: Assets/Materials/stylezed low poly props/source/Props/Props_MedKit/medkit_Normal.tga
  artifactKey: Guid(036f75f4a7e6c1849bab30f71ed4efe9) Importer(815301076,1909f56bfc062723c751e8b465ee728b)
Start importing Assets/Materials/stylezed low poly props/source/Props/Props_MedKit/medkit_Normal.tga using Guid(036f75f4a7e6c1849bab30f71ed4efe9) Importer(815301076,1909f56bfc062723c751e8b465ee728b)  -> (artifact id: 'dc7e546838cca842a96c112aca0b3f5f') in 0.027446 seconds 
  Import took 0.035075 seconds .

========================================================================
Received Import Request.
  Time since last request: 0.000194 seconds.
  path: Assets/Materials/stylezed low poly props/source/Props/Props_MedKit/medkit_AO.tga
  artifactKey: Guid(64c8468f1104d3645881e9dcd229ecb4) Importer(815301076,1909f56bfc062723c751e8b465ee728b)
Start importing Assets/Materials/stylezed low poly props/source/Props/Props_MedKit/medkit_AO.tga using Guid(64c8468f1104d3645881e9dcd229ecb4) Importer(815301076,1909f56bfc062723c751e8b465ee728b)  -> (artifact id: '2d72a4db2cc04329947a6252e44c0d75') in 0.030153 seconds 
  Import took 0.035602 seconds .

========================================================================
Received Import Request.
  Time since last request: 0.000192 seconds.
  path: Assets/Materials/stylezed low poly props/source/Props/Nadgrobie/NadGrobie_DefaultMaterial_AlbedoTransparency.tga
  artifactKey: Guid(1c4658a265cf86247bbb4a5fe91d8e22) Importer(815301076,1909f56bfc062723c751e8b465ee728b)
Start importing Assets/Materials/stylezed low poly props/source/Props/Nadgrobie/NadGrobie_DefaultMaterial_AlbedoTransparency.tga using Guid(1c4658a265cf86247bbb4a5fe91d8e22) Importer(815301076,1909f56bfc062723c751e8b465ee728b)  -> (artifact id: '68d95eb93f9e2c387229a9e291003844') in 0.031547 seconds 
  Import took 0.036699 seconds .

========================================================================
Received Import Request.
  Time since last request: 0.000189 seconds.
  path: Assets/Materials/stylezed low poly props/source/Props/Ograda/Ograda_Material.001_Normal.tga
  artifactKey: Guid(2dee04edc26639340a65efd8cab6899c) Importer(815301076,1909f56bfc062723c751e8b465ee728b)
Start importing Assets/Materials/stylezed low poly props/source/Props/Ograda/Ograda_Material.001_Normal.tga using Guid(2dee04edc26639340a65efd8cab6899c) Importer(815301076,1909f56bfc062723c751e8b465ee728b)  -> (artifact id: '50a5bdcce4ded8aed0085d10fa414e3c') in 0.029589 seconds 
  Import took 0.035482 seconds .

========================================================================
Received Import Request.
  Time since last request: 0.000188 seconds.
  path: Assets/Materials/stylezed low poly props/source/Modules/Modules_Floor/floor_Normal.tga
  artifactKey: Guid(31ebbad5e0215a144ac0457200f43db4) Importer(815301076,1909f56bfc062723c751e8b465ee728b)
Start importing Assets/Materials/stylezed low poly props/source/Modules/Modules_Floor/floor_Normal.tga using Guid(31ebbad5e0215a144ac0457200f43db4) Importer(815301076,1909f56bfc062723c751e8b465ee728b)  -> (artifact id: '4a7e861a9828102fc2dc538aa951fdda') in 0.027998 seconds 
  Import took 0.035960 seconds .

========================================================================
Received Import Request.
  Time since last request: 0.000546 seconds.
  path: Assets/Materials/stylezed low poly props/source/Props/Grob3/Grob2Zakrytyi_DefaultMaterial_MetallicSmoothness.tga
  artifactKey: Guid(0ef3bc25af255ef48b884957dfc9f895) Importer(815301076,1909f56bfc062723c751e8b465ee728b)
Start importing Assets/Materials/stylezed low poly props/source/Props/Grob3/Grob2Zakrytyi_DefaultMaterial_MetallicSmoothness.tga using Guid(0ef3bc25af255ef48b884957dfc9f895) Importer(815301076,1909f56bfc062723c751e8b465ee728b)  -> (artifact id: '77f728f5c6db787ed5761d51e79451ca') in 0.024507 seconds 
  Import took 0.031022 seconds .

========================================================================
Received Import Request.
  Time since last request: 0.000586 seconds.
  path: Assets/Materials/stylezed low poly props/source/Props/Mogila/Mogila_DefaultMaterial_MetallicSmoothness.tga
  artifactKey: Guid(a0a268f77cb911b4982eb33f603e914c) Importer(815301076,1909f56bfc062723c751e8b465ee728b)
Start importing Assets/Materials/stylezed low poly props/source/Props/Mogila/Mogila_DefaultMaterial_MetallicSmoothness.tga using Guid(a0a268f77cb911b4982eb33f603e914c) Importer(815301076,1909f56bfc062723c751e8b465ee728b)  -> (artifact id: '3064be6211bb998f07a0a8974c0840bb') in 0.023447 seconds 
  Import took 0.031495 seconds .

========================================================================
Received Import Request.
  Time since last request: 0.000219 seconds.
  path: Assets/Materials/Materials/PBR_Grass_Textures/Textures/grass_04.mat
  artifactKey: Guid(71c72cc387cb16944bd05350c3967849) Importer(815301076,1909f56bfc062723c751e8b465ee728b)
Start importing Assets/Materials/Materials/PBR_Grass_Textures/Textures/grass_04.mat using Guid(71c72cc387cb16944bd05350c3967849) Importer(815301076,1909f56bfc062723c751e8b465ee728b)  -> (artifact id: 'd76a119587e2df54e6f244ae0bfa8433') in 0.076224 seconds 
  Import took 0.084449 seconds .

========================================================================
Received Import Request.
  Time since last request: 0.000220 seconds.
  path: Assets/Materials/stylezed low poly props/source/Props/Grob3/Grob2Zakrytyi_DefaultMaterial_AlbedoTransparency.tga
  artifactKey: Guid(d9390140cffa23545a69de5bbc51f88c) Importer(815301076,1909f56bfc062723c751e8b465ee728b)
Start importing Assets/Materials/stylezed low poly props/source/Props/Grob3/Grob2Zakrytyi_DefaultMaterial_AlbedoTransparency.tga using Guid(d9390140cffa23545a69de5bbc51f88c) Importer(815301076,1909f56bfc062723c751e8b465ee728b)  -> (artifact id: '2034d0682a9046f28ba8bed0abab3492') in 0.027170 seconds 
  Import took 0.036953 seconds .

========================================================================
Received Import Request.
  Time since last request: 0.000409 seconds.
  path: Assets/Materials/stylezed low poly props/source/Props/Nadgrobie/NadGrobie_DefaultMaterial_MetallicSmoothness.tga
  artifactKey: Guid(2aaec536695c45240a36ccd557085034) Importer(815301076,1909f56bfc062723c751e8b465ee728b)
Start importing Assets/Materials/stylezed low poly props/source/Props/Nadgrobie/NadGrobie_DefaultMaterial_MetallicSmoothness.tga using Guid(2aaec536695c45240a36ccd557085034) Importer(815301076,1909f56bfc062723c751e8b465ee728b)  -> (artifact id: 'b5804c115f0a451f745332a3a591e927') in 0.030407 seconds 
  Import took 0.037275 seconds .

========================================================================
Received Import Request.
  Time since last request: 0.000188 seconds.
  path: Assets/Materials/stylezed low poly props/source/Modules/Modules_Ladder/ladder_AO.tga
  artifactKey: Guid(0d76f5d6f7a3b2343b4fc63fa3c7af96) Importer(815301076,1909f56bfc062723c751e8b465ee728b)
Start importing Assets/Materials/stylezed low poly props/source/Modules/Modules_Ladder/ladder_AO.tga using Guid(0d76f5d6f7a3b2343b4fc63fa3c7af96) Importer(815301076,1909f56bfc062723c751e8b465ee728b)  -> (artifact id: 'a44bce2beafb36eb79257891abd21f20') in 0.029159 seconds 
  Import took 0.035010 seconds .

========================================================================
Received Import Request.
  Time since last request: 0.000190 seconds.
  path: Assets/Materials/stylezed low poly props/source/Props/Dirt/3/DirtWithLopata_DefaultMaterial_AO.tga
  artifactKey: Guid(99a0363f534afa647b0c9cfd253f5204) Importer(815301076,1909f56bfc062723c751e8b465ee728b)
Start importing Assets/Materials/stylezed low poly props/source/Props/Dirt/3/DirtWithLopata_DefaultMaterial_AO.tga using Guid(99a0363f534afa647b0c9cfd253f5204) Importer(815301076,1909f56bfc062723c751e8b465ee728b)  -> (artifact id: '97b7f8d13f7299fa80d202db6531133e') in 0.027994 seconds 
  Import took 0.033710 seconds .

========================================================================
Received Import Request.
  Time since last request: 0.000200 seconds.
  path: Assets/Materials/stylezed low poly props/source/Props/OgradaIzPrutev/2/Ograda iz prutev_DefaultMaterial_MetallicSmoothness.tga
  artifactKey: Guid(8a9353b2624ec5349b008d0121293d0c) Importer(815301076,1909f56bfc062723c751e8b465ee728b)
Start importing Assets/Materials/stylezed low poly props/source/Props/OgradaIzPrutev/2/Ograda iz prutev_DefaultMaterial_MetallicSmoothness.tga using Guid(8a9353b2624ec5349b008d0121293d0c) Importer(815301076,1909f56bfc062723c751e8b465ee728b)  -> (artifact id: '0b4fdfeb3f8d974edf4f4d663721a849') in 0.030121 seconds 
  Import took 0.035579 seconds .

========================================================================
Received Import Request.
  Time since last request: 0.000210 seconds.
  path: Assets/Materials/stylezed low poly props/source/Modules/Modules_Wall/Wall_MetallicSmoothness.tga
  artifactKey: Guid(e7c10a0a16850cb40b80cdadcf4804ad) Importer(815301076,1909f56bfc062723c751e8b465ee728b)
Start importing Assets/Materials/stylezed low poly props/source/Modules/Modules_Wall/Wall_MetallicSmoothness.tga using Guid(e7c10a0a16850cb40b80cdadcf4804ad) Importer(815301076,1909f56bfc062723c751e8b465ee728b)  -> (artifact id: 'b9cea63a53cd7048f3d79bdc37da4cf7') in 0.027037 seconds 
  Import took 0.034485 seconds .

========================================================================
Received Import Request.
  Time since last request: 0.000264 seconds.
  path: Assets/Materials/Slum Houses/Texture/wooden and metal support _DefaultMaterial_AlbedoTransparency.png
  artifactKey: Guid(0fcb17bd9acb80a4bb4477418e277c2f) Importer(815301076,1909f56bfc062723c751e8b465ee728b)
Start importing Assets/Materials/Slum Houses/Texture/wooden and metal support _DefaultMaterial_AlbedoTransparency.png using Guid(0fcb17bd9acb80a4bb4477418e277c2f) Importer(815301076,1909f56bfc062723c751e8b465ee728b)  -> (artifact id: 'a2c0d4619bebb0ed383d785e107eaff0') in 0.031933 seconds 
  Import took 0.039263 seconds .

========================================================================
Received Import Request.
  Time since last request: 0.000223 seconds.
  path: Assets/Materials/Tom's Terrain Tools/Example AutoMagic/Terrain8km-2104080048-grassmap.tiff
  artifactKey: Guid(0806c7b0ebc454bea9fdf1aa1359d35d) Importer(815301076,1909f56bfc062723c751e8b465ee728b)
Start importing Assets/Materials/Tom's Terrain Tools/Example AutoMagic/Terrain8km-2104080048-grassmap.tiff using Guid(0806c7b0ebc454bea9fdf1aa1359d35d) Importer(815301076,1909f56bfc062723c751e8b465ee728b)  -> (artifact id: '49d13a71ebb0e076a6d496d6da320b2d') in 0.034218 seconds 
  Import took 0.040197 seconds .

========================================================================
Received Import Request.
  Time since last request: 0.000216 seconds.
  path: Assets/Materials/Tom's Terrain Tools/Example AutoMagic/Terrain-2124401101-treemap.tiff
  artifactKey: Guid(90a4ce11bb9e349d4883b90a2869dae7) Importer(815301076,1909f56bfc062723c751e8b465ee728b)
Start importing Assets/Materials/Tom's Terrain Tools/Example AutoMagic/Terrain-2124401101-treemap.tiff using Guid(90a4ce11bb9e349d4883b90a2869dae7) Importer(815301076,1909f56bfc062723c751e8b465ee728b)  -> (artifact id: '8accf2b837e5d5ad8cf2692f98b7c3d5') in 0.032557 seconds 
  Import took 0.042511 seconds .

========================================================================
Received Import Request.
  Time since last request: 0.000177 seconds.
  path: Assets/Materials/stylezed low poly props/source/Props/Ograda/Ograda_Material.001_AO.tga
  artifactKey: Guid(55dc1702a301a384cbe70185922a9111) Importer(815301076,1909f56bfc062723c751e8b465ee728b)
Start importing Assets/Materials/stylezed low poly props/source/Props/Ograda/Ograda_Material.001_AO.tga using Guid(55dc1702a301a384cbe70185922a9111) Importer(815301076,1909f56bfc062723c751e8b465ee728b)  -> (artifact id: '7632679b7894cfd6ce0e791f668205ec') in 0.031933 seconds 
  Import took 0.037511 seconds .

========================================================================
Received Import Request.
  Time since last request: 0.000184 seconds.
  path: Assets/Materials/Tom's Terrain Tools/Example AutoMagic/Terrain-297665599-treemap.tiff
  artifactKey: Guid(30b5105d1dc924487b491ff69dab8294) Importer(815301076,1909f56bfc062723c751e8b465ee728b)
Start importing Assets/Materials/Tom's Terrain Tools/Example AutoMagic/Terrain-297665599-treemap.tiff using Guid(30b5105d1dc924487b491ff69dab8294) Importer(815301076,1909f56bfc062723c751e8b465ee728b)  -> (artifact id: 'fbebe8196b504636ca4a357c02f45ca3') in 0.032493 seconds 
  Import took 0.039000 seconds .

========================================================================
Received Import Request.
  Time since last request: 0.000329 seconds.
  path: Assets/Materials/stylezed low poly props/source/Modules/Modules_Column/column_AlbedoTransparency.tga
  artifactKey: Guid(69f7e2207947bf84284c7544126ead3b) Importer(815301076,1909f56bfc062723c751e8b465ee728b)
Start importing Assets/Materials/stylezed low poly props/source/Modules/Modules_Column/column_AlbedoTransparency.tga using Guid(69f7e2207947bf84284c7544126ead3b) Importer(815301076,1909f56bfc062723c751e8b465ee728b)  -> (artifact id: 'd0675dc3fa7d6fa24323132f564137cc') in 0.029657 seconds 
  Import took 0.037197 seconds .

========================================================================
Received Import Request.
  Time since last request: 0.000186 seconds.
  path: Assets/Materials/stylezed low poly props/source/Props/Dirt/1/DirtWithLopata_DefaultMaterial_AlbedoTransparency.tga
  artifactKey: Guid(7f50920709ea3f243a562679ce90be45) Importer(815301076,1909f56bfc062723c751e8b465ee728b)
Start importing Assets/Materials/stylezed low poly props/source/Props/Dirt/1/DirtWithLopata_DefaultMaterial_AlbedoTransparency.tga using Guid(7f50920709ea3f243a562679ce90be45) Importer(815301076,1909f56bfc062723c751e8b465ee728b)  -> (artifact id: 'b97621ee36541c62a1134cfb66b291b5') in 0.026500 seconds 
  Import took 0.034435 seconds .

========================================================================
Received Import Request.
  Time since last request: 0.000216 seconds.
  path: Assets/Materials/stylezed low poly props/source/Props/Props_RocketBox/rocket_DefaultMaterial_MetallicSmoothness.tga
  artifactKey: Guid(2ef8eddfd459bcc47b9960d3d17c1bc6) Importer(815301076,1909f56bfc062723c751e8b465ee728b)
Start importing Assets/Materials/stylezed low poly props/source/Props/Props_RocketBox/rocket_DefaultMaterial_MetallicSmoothness.tga using Guid(2ef8eddfd459bcc47b9960d3d17c1bc6) Importer(815301076,1909f56bfc062723c751e8b465ee728b)  -> (artifact id: '9e537fde39569bd1cccca6dfe523170e') in 0.029591 seconds 
  Import took 0.035554 seconds .

========================================================================
Received Import Request.
  Time since last request: 0.000200 seconds.
  path: Assets/Materials/stylezed low poly props/source/Props/Tree3/Tree3_DefaultMaterial_Normal.tga
  artifactKey: Guid(5d9a9a4f7522ff34298f835d63af5580) Importer(815301076,1909f56bfc062723c751e8b465ee728b)
Start importing Assets/Materials/stylezed low poly props/source/Props/Tree3/Tree3_DefaultMaterial_Normal.tga using Guid(5d9a9a4f7522ff34298f835d63af5580) Importer(815301076,1909f56bfc062723c751e8b465ee728b)  -> (artifact id: '30c95b57b3f29b820bbf73df5c25d46d') in 0.019043 seconds 
  Import took 0.028035 seconds .

========================================================================
Received Import Request.
  Time since last request: 0.000218 seconds.
  path: Assets/Materials/stylezed low poly props/source/Modules/Modules_Bridge/bridge_DefaultMaterial_Normal.tga
  artifactKey: Guid(dc02888953bc5e94d8188efa7ebab5cd) Importer(815301076,1909f56bfc062723c751e8b465ee728b)
Start importing Assets/Materials/stylezed low poly props/source/Modules/Modules_Bridge/bridge_DefaultMaterial_Normal.tga using Guid(dc02888953bc5e94d8188efa7ebab5cd) Importer(815301076,1909f56bfc062723c751e8b465ee728b)  -> (artifact id: '67843375bb14f35ac1509f2c3755e86c') in 0.029814 seconds 
  Import took 0.036732 seconds .

========================================================================
Received Import Request.
  Time since last request: 0.000207 seconds.
  path: Assets/Standard Assets/Environment/TerrainAssets/BillboardTextures/GrassFrond01AlbedoAlpha.psd
  artifactKey: Guid(2c528fec5d95e4ac28cf46399b887662) Importer(815301076,1909f56bfc062723c751e8b465ee728b)
Start importing Assets/Standard Assets/Environment/TerrainAssets/BillboardTextures/GrassFrond01AlbedoAlpha.psd using Guid(2c528fec5d95e4ac28cf46399b887662) Importer(815301076,1909f56bfc062723c751e8b465ee728b)  -> (artifact id: 'ff027456dd3e81d69279dfe0b46b6845') in 0.026464 seconds 
  Import took 0.032337 seconds .

========================================================================
Received Import Request.
  Time since last request: 0.000233 seconds.
  path: Assets/Materials/stylezed low poly props/source/Props/Props_MedKit/medkit_AlbedoTransparency.tga
  artifactKey: Guid(2ac98a5f8adf5934889b460f582f19e1) Importer(815301076,1909f56bfc062723c751e8b465ee728b)
Start importing Assets/Materials/stylezed low poly props/source/Props/Props_MedKit/medkit_AlbedoTransparency.tga using Guid(2ac98a5f8adf5934889b460f582f19e1) Importer(815301076,1909f56bfc062723c751e8b465ee728b)  -> (artifact id: 'af5fc402ec18932e3fc70c9de14daaeb') in 0.031414 seconds 
  Import took 0.036841 seconds .

========================================================================
Received Import Request.
  Time since last request: 0.000207 seconds.
  path: Assets/Materials/stylezed low poly props/source/Props/Mogila/Mogila_DefaultMaterial_Normal.tga
  artifactKey: Guid(7c054d5e22ac2594cbc0da86b9121801) Importer(815301076,1909f56bfc062723c751e8b465ee728b)
Start importing Assets/Materials/stylezed low poly props/source/Props/Mogila/Mogila_DefaultMaterial_Normal.tga using Guid(7c054d5e22ac2594cbc0da86b9121801) Importer(815301076,1909f56bfc062723c751e8b465ee728b)  -> (artifact id: '5093da254a998dbc6cb058e274a46c1b') in 0.030129 seconds 
  Import took 0.036014 seconds .

========================================================================
Received Import Request.
  Time since last request: 0.000191 seconds.
  path: Assets/Materials/stylezed low poly props/source/Props/Mogila/Mogila_DefaultMaterial_AlbedoTransparency.tga
  artifactKey: Guid(47f5e837a1321b54fb14d2849daab965) Importer(815301076,1909f56bfc062723c751e8b465ee728b)
Start importing Assets/Materials/stylezed low poly props/source/Props/Mogila/Mogila_DefaultMaterial_AlbedoTransparency.tga using Guid(47f5e837a1321b54fb14d2849daab965) Importer(815301076,1909f56bfc062723c751e8b465ee728b)  -> (artifact id: '61747d21bc61b552667e69e3f08ba5a2') in 0.028898 seconds 
  Import took 0.035403 seconds .

========================================================================
Received Import Request.
  Time since last request: 0.000445 seconds.
  path: Assets/Materials/stylezed low poly props/source/Props/Tree3/Tree3_DefaultMaterial_AlbedoTransparency.tga
  artifactKey: Guid(6112d3949085c0e41a929f5ec18f7112) Importer(815301076,1909f56bfc062723c751e8b465ee728b)
Start importing Assets/Materials/stylezed low poly props/source/Props/Tree3/Tree3_DefaultMaterial_AlbedoTransparency.tga using Guid(6112d3949085c0e41a929f5ec18f7112) Importer(815301076,1909f56bfc062723c751e8b465ee728b)  -> (artifact id: 'a43011569fed04da31ade32a47d576f9') in 0.022464 seconds 
  Import took 0.029517 seconds .

========================================================================
Received Import Request.
  Time since last request: 0.000195 seconds.
  path: Assets/Materials/Tom's Terrain Tools/Example Data/TerrainExample3.asset
  artifactKey: Guid(deef0f88182e9e849ac67bef434c5277) Importer(815301076,1909f56bfc062723c751e8b465ee728b)
Start importing Assets/Materials/Tom's Terrain Tools/Example Data/TerrainExample3.asset using Guid(deef0f88182e9e849ac67bef434c5277) Importer(815301076,1909f56bfc062723c751e8b465ee728b) Tree prefab at index 0 is missing.
Tree prefab at index 1 is missing.
Tree prefab at index 2 is missing.
 -> (artifact id: 'd4d6a575aa1bb2d45b38d997980f494b') in 0.173724 seconds 
  Import took 0.180156 seconds .

========================================================================
Received Import Request.
  Time since last request: 0.000237 seconds.
  path: Assets/Materials/stylezed low poly props/source/Props/OgradaIzPrutev/2/Ograda iz prutev_DefaultMaterial_AlbedoTransparency.tga
  artifactKey: Guid(f6f871d31016bed409c8acaccc5b837b) Importer(815301076,1909f56bfc062723c751e8b465ee728b)
Start importing Assets/Materials/stylezed low poly props/source/Props/OgradaIzPrutev/2/Ograda iz prutev_DefaultMaterial_AlbedoTransparency.tga using Guid(f6f871d31016bed409c8acaccc5b837b) Importer(815301076,1909f56bfc062723c751e8b465ee728b)  -> (artifact id: '28f0990d16b7ae01cc4da04f8fa296d9') in 0.030166 seconds 
  Import took 0.037121 seconds .

========================================================================
Received Import Request.
  Time since last request: 0.000296 seconds.
  path: Assets/Materials/stylezed low poly props/source/Props/Tree2/Tree2_DefaultMaterial_AlbedoTransparency.tga
  artifactKey: Guid(ddbece81be610f649a6d4624d4305250) Importer(815301076,1909f56bfc062723c751e8b465ee728b)
Start importing Assets/Materials/stylezed low poly props/source/Props/Tree2/Tree2_DefaultMaterial_AlbedoTransparency.tga using Guid(ddbece81be610f649a6d4624d4305250) Importer(815301076,1909f56bfc062723c751e8b465ee728b)  -> (artifact id: '12731e23549b8006c4664262f61ee353') in 0.024771 seconds 
  Import took 0.033696 seconds .

========================================================================
Received Import Request.
  Time since last request: 0.000384 seconds.
  path: Assets/Materials/stylezed low poly props/source/Props/Dirt/1/DirtWithLopata_DefaultMaterial_Normal.tga
  artifactKey: Guid(761d14b2051fb2d4f9323224dbf04c53) Importer(815301076,1909f56bfc062723c751e8b465ee728b)
Start importing Assets/Materials/stylezed low poly props/source/Props/Dirt/1/DirtWithLopata_DefaultMaterial_Normal.tga using Guid(761d14b2051fb2d4f9323224dbf04c53) Importer(815301076,1909f56bfc062723c751e8b465ee728b)  -> (artifact id: 'cdea03369c1fb70e2e5ccc7667942aad') in 0.030008 seconds 
  Import took 0.039459 seconds .

========================================================================
Received Import Request.
  Time since last request: 0.000262 seconds.
  path: Assets/Materials/stylezed low poly props/source/Props/Dirt/2/DirtWithLopata_DefaultMaterial_Normal.tga
  artifactKey: Guid(d2f4c61eaff4a9b4dafe7218e925fcee) Importer(815301076,1909f56bfc062723c751e8b465ee728b)
Start importing Assets/Materials/stylezed low poly props/source/Props/Dirt/2/DirtWithLopata_DefaultMaterial_Normal.tga using Guid(d2f4c61eaff4a9b4dafe7218e925fcee) Importer(815301076,1909f56bfc062723c751e8b465ee728b)  -> (artifact id: 'be1405aa467864961782883ea975e2c3') in 0.024823 seconds 
  Import took 0.032631 seconds .

========================================================================
Received Import Request.
  Time since last request: 0.000200 seconds.
  path: Assets/Materials/stylezed low poly props/source/Props/Dirt/3/DirtWithLopata_DefaultMaterial_Normal.tga
  artifactKey: Guid(c189c7799fda7da46a4ec8414cc38191) Importer(815301076,1909f56bfc062723c751e8b465ee728b)
Start importing Assets/Materials/stylezed low poly props/source/Props/Dirt/3/DirtWithLopata_DefaultMaterial_Normal.tga using Guid(c189c7799fda7da46a4ec8414cc38191) Importer(815301076,1909f56bfc062723c751e8b465ee728b)  -> (artifact id: '3766d3134a11e392bff9eeacd63df936') in 0.020237 seconds 
  Import took 0.026398 seconds .

========================================================================
Received Import Request.
  Time since last request: 0.000196 seconds.
  path: Assets/Materials/Tom's Terrain Tools/Example AutoMagic/Terrain8km-2104080048-splatmap.tiff
  artifactKey: Guid(84e7a501312ae4edda5f91673a9677f5) Importer(815301076,1909f56bfc062723c751e8b465ee728b)
Start importing Assets/Materials/Tom's Terrain Tools/Example AutoMagic/Terrain8km-2104080048-splatmap.tiff using Guid(84e7a501312ae4edda5f91673a9677f5) Importer(815301076,1909f56bfc062723c751e8b465ee728b)  -> (artifact id: 'f8c464d45871f24d6ed42d1017fffe30') in 0.029788 seconds 
  Import took 0.039306 seconds .

========================================================================
Received Import Request.
  Time since last request: 0.000174 seconds.
  path: Assets/Materials/Slum Houses/Texture/Tin sheet_DefaultMaterial_MetallicSmoothness.png
  artifactKey: Guid(3ce865e64eb7b7f4aa9e0a5f67fc09bb) Importer(815301076,1909f56bfc062723c751e8b465ee728b)
Start importing Assets/Materials/Slum Houses/Texture/Tin sheet_DefaultMaterial_MetallicSmoothness.png using Guid(3ce865e64eb7b7f4aa9e0a5f67fc09bb) Importer(815301076,1909f56bfc062723c751e8b465ee728b)  -> (artifact id: '0cc4b2e6e38fe70cc57f72388a5e1392') in 0.033064 seconds 
  Import took 0.038306 seconds .

========================================================================
Received Import Request.
  Time since last request: 0.000193 seconds.
  path: Assets/Materials/stylezed low poly props/source/Props/Nadgrobie/NadGrobie_DefaultMaterial_AO.tga
  artifactKey: Guid(1660c99281ece3e449a0c8f472b9bc7c) Importer(815301076,1909f56bfc062723c751e8b465ee728b)
Start importing Assets/Materials/stylezed low poly props/source/Props/Nadgrobie/NadGrobie_DefaultMaterial_AO.tga using Guid(1660c99281ece3e449a0c8f472b9bc7c) Importer(815301076,1909f56bfc062723c751e8b465ee728b)  -> (artifact id: '18788bb84d34d04a5eb78b83c30b83f7') in 0.027190 seconds 
  Import took 0.032684 seconds .

========================================================================
Received Import Request.
  Time since last request: 0.000197 seconds.
  path: Assets/Materials/stylezed low poly props/source/Props/Dirt/2/DirtWithLopata_DefaultMaterial_AO.tga
  artifactKey: Guid(b338505b17505d9499e6fbffd0356ce8) Importer(815301076,1909f56bfc062723c751e8b465ee728b)
Start importing Assets/Materials/stylezed low poly props/source/Props/Dirt/2/DirtWithLopata_DefaultMaterial_AO.tga using Guid(b338505b17505d9499e6fbffd0356ce8) Importer(815301076,1909f56bfc062723c751e8b465ee728b)  -> (artifact id: 'c1c15d50f53a4bbc1279b2f7ffc96e37') in 0.013281 seconds 
  Import took 0.019202 seconds .

========================================================================
Received Import Request.
  Time since last request: 0.000227 seconds.
  path: Assets/Materials/stylezed low poly props/source/Props/Tree2/Tree2_DefaultMaterial_MetallicSmoothness.tga
  artifactKey: Guid(d2fed228be0366b4984bba15385996f9) Importer(815301076,1909f56bfc062723c751e8b465ee728b)
Start importing Assets/Materials/stylezed low poly props/source/Props/Tree2/Tree2_DefaultMaterial_MetallicSmoothness.tga using Guid(d2fed228be0366b4984bba15385996f9) Importer(815301076,1909f56bfc062723c751e8b465ee728b)  -> (artifact id: '2cc0303166dd63f8e9d807bd78a37ff8') in 0.021135 seconds 
  Import took 0.030009 seconds .

========================================================================
Received Import Request.
  Time since last request: 0.000210 seconds.
  path: Assets/Materials/stylezed low poly props/source/Props/OgradaIzPrutev/2/Ograda iz prutev_DefaultMaterial_Normal.tga
  artifactKey: Guid(f3b8aa378d801de46b898256e3aa35b1) Importer(815301076,1909f56bfc062723c751e8b465ee728b)
Start importing Assets/Materials/stylezed low poly props/source/Props/OgradaIzPrutev/2/Ograda iz prutev_DefaultMaterial_Normal.tga using Guid(f3b8aa378d801de46b898256e3aa35b1) Importer(815301076,1909f56bfc062723c751e8b465ee728b)  -> (artifact id: '161c62be7938a5d36682c3e2d57636eb') in 0.031711 seconds 
  Import took 0.037878 seconds .

========================================================================
Received Import Request.
  Time since last request: 0.000193 seconds.
  path: Assets/Materials/stylezed low poly props/source/Props/Grob3/Grob2Zakrytyi_DefaultMaterial_AO.tga
  artifactKey: Guid(31de4d33bcd29c94793838bd00f97d9c) Importer(815301076,1909f56bfc062723c751e8b465ee728b)
Start importing Assets/Materials/stylezed low poly props/source/Props/Grob3/Grob2Zakrytyi_DefaultMaterial_AO.tga using Guid(31de4d33bcd29c94793838bd00f97d9c) Importer(815301076,1909f56bfc062723c751e8b465ee728b)  -> (artifact id: 'baf5a523a725e53655ac1e1aca83968b') in 0.027085 seconds 
  Import took 0.035072 seconds .

========================================================================
Received Import Request.
  Time since last request: 0.000288 seconds.
  path: Assets/Materials/stylezed low poly props/source/Props/Grob3/Grob2Zakrytyi_DefaultMaterial_Normal.tga
  artifactKey: Guid(e73702c3beb5284449e179e5438c4bce) Importer(815301076,1909f56bfc062723c751e8b465ee728b)
Start importing Assets/Materials/stylezed low poly props/source/Props/Grob3/Grob2Zakrytyi_DefaultMaterial_Normal.tga using Guid(e73702c3beb5284449e179e5438c4bce) Importer(815301076,1909f56bfc062723c751e8b465ee728b)  -> (artifact id: '41ea85238d1e37295aa2deb51502edce') in 0.026445 seconds 
  Import took 0.035215 seconds .

========================================================================
Received Import Request.
  Time since last request: 0.000227 seconds.
  path: Assets/Materials/Tom's Terrain Tools/Example AutoMagic/Terrain-1880092298-grassmap.tiff
  artifactKey: Guid(cc04eda8179ce40dd87a6f6808041608) Importer(815301076,1909f56bfc062723c751e8b465ee728b)
Start importing Assets/Materials/Tom's Terrain Tools/Example AutoMagic/Terrain-1880092298-grassmap.tiff using Guid(cc04eda8179ce40dd87a6f6808041608) Importer(815301076,1909f56bfc062723c751e8b465ee728b)  -> (artifact id: '551fc2082cdcabaf343244cabb63905f') in 0.038060 seconds 
  Import took 0.043901 seconds .

========================================================================
Received Import Request.
  Time since last request: 0.000229 seconds.
  path: Assets/Materials/Slum Houses/Texture/wooden and metal support _DefaultMaterial_Normal.png
  artifactKey: Guid(36267156c36c0f64eaae06ecdd244190) Importer(815301076,1909f56bfc062723c751e8b465ee728b)
Start importing Assets/Materials/Slum Houses/Texture/wooden and metal support _DefaultMaterial_Normal.png using Guid(36267156c36c0f64eaae06ecdd244190) Importer(815301076,1909f56bfc062723c751e8b465ee728b)  -> (artifact id: 'e884739cfaacc9d29bdaf1af92f5c686') in 0.031201 seconds 
  Import took 0.038663 seconds .

========================================================================
Received Import Request.
  Time since last request: 0.000481 seconds.
  path: Assets/Materials/stylezed low poly props/source/Props/Tree1/Tree1_DefaultMaterial_Normal.tga
  artifactKey: Guid(4dfb5a6012c4dc544ad848f1f30c1bcb) Importer(815301076,1909f56bfc062723c751e8b465ee728b)
Start importing Assets/Materials/stylezed low poly props/source/Props/Tree1/Tree1_DefaultMaterial_Normal.tga using Guid(4dfb5a6012c4dc544ad848f1f30c1bcb) Importer(815301076,1909f56bfc062723c751e8b465ee728b)  -> (artifact id: '9c6458aaa9cbc67235dc9741c7d142b2') in 0.023135 seconds 
  Import took 0.029105 seconds .

========================================================================
Received Import Request.
  Time since last request: 0.000207 seconds.
  path: Assets/Materials/stylezed low poly props/source/Props/Krest/krest_Material_Normal.tga
  artifactKey: Guid(ecd3ed5339df00842b029664721b0032) Importer(815301076,1909f56bfc062723c751e8b465ee728b)
Start importing Assets/Materials/stylezed low poly props/source/Props/Krest/krest_Material_Normal.tga using Guid(ecd3ed5339df00842b029664721b0032) Importer(815301076,1909f56bfc062723c751e8b465ee728b)  -> (artifact id: 'b4d0ef7b39b329f26eafd9d04d376228') in 0.025585 seconds 
  Import took 0.035829 seconds .

========================================================================
Received Import Request.
  Time since last request: 0.000603 seconds.
  path: Assets/Materials/Slum Houses/Texture/wooden and metal support _DefaultMaterial_MetallicSmoothness.png
  artifactKey: Guid(e3a04f26abf2b374eb13b83db8643eef) Importer(815301076,1909f56bfc062723c751e8b465ee728b)
Start importing Assets/Materials/Slum Houses/Texture/wooden and metal support _DefaultMaterial_MetallicSmoothness.png using Guid(e3a04f26abf2b374eb13b83db8643eef) Importer(815301076,1909f56bfc062723c751e8b465ee728b)  -> (artifact id: 'bc299dfc58590d801a744aed3176c1dd') in 0.031555 seconds 
  Import took 0.037397 seconds .

========================================================================
Received Import Request.
  Time since last request: 0.000214 seconds.
  path: Assets/Materials/stylezed low poly props/source/Props/Dirt/1/DirtWithLopata_DefaultMaterial_AO.tga
  artifactKey: Guid(32d053f55deb5fb4eb0885062a38814a) Importer(815301076,1909f56bfc062723c751e8b465ee728b)
Start importing Assets/Materials/stylezed low poly props/source/Props/Dirt/1/DirtWithLopata_DefaultMaterial_AO.tga using Guid(32d053f55deb5fb4eb0885062a38814a) Importer(815301076,1909f56bfc062723c751e8b465ee728b)  -> (artifact id: 'b12dd79b4151b7e33d798219bc48cd05') in 0.014149 seconds 
  Import took 0.020269 seconds .

========================================================================
Received Import Request.
  Time since last request: 0.000241 seconds.
  path: Assets/Materials/stylezed low poly props/source/Modules/Modules_Floor/floor_AlbedoTransparency.tga
  artifactKey: Guid(78e832d203b75b6428c8abf96cece337) Importer(815301076,1909f56bfc062723c751e8b465ee728b)
Start importing Assets/Materials/stylezed low poly props/source/Modules/Modules_Floor/floor_AlbedoTransparency.tga using Guid(78e832d203b75b6428c8abf96cece337) Importer(815301076,1909f56bfc062723c751e8b465ee728b)  -> (artifact id: '1e0c1bc5276b57e10039caad3d0a46a4') in 0.030864 seconds 
  Import took 0.038005 seconds .

========================================================================
Received Import Request.
  Time since last request: 0.000218 seconds.
  path: Assets/Standard Assets/Environment/TerrainAssets/BillboardTextures/GrassFrond02AlbedoAlpha.psd
  artifactKey: Guid(d6cdc79ec19714fcd980ca3f6ac01a0a) Importer(815301076,1909f56bfc062723c751e8b465ee728b)
Start importing Assets/Standard Assets/Environment/TerrainAssets/BillboardTextures/GrassFrond02AlbedoAlpha.psd using Guid(d6cdc79ec19714fcd980ca3f6ac01a0a) Importer(815301076,1909f56bfc062723c751e8b465ee728b)  -> (artifact id: '926820a58acc45ecef8aede79cb7fb8c') in 0.022004 seconds 
  Import took 0.029357 seconds .

========================================================================
Received Import Request.
  Time since last request: 0.000203 seconds.
  path: Assets/Materials/stylezed low poly props/source/Modules/Modules_Ladder/ladder_Normal.tga
  artifactKey: Guid(370ef89a032c91045b8c7a4a071afeb1) Importer(815301076,1909f56bfc062723c751e8b465ee728b)
Start importing Assets/Materials/stylezed low poly props/source/Modules/Modules_Ladder/ladder_Normal.tga using Guid(370ef89a032c91045b8c7a4a071afeb1) Importer(815301076,1909f56bfc062723c751e8b465ee728b)  -> (artifact id: 'baaca432cef7d429880d003b04dd770a') in 0.030851 seconds 
  Import took 0.037175 seconds .

========================================================================
Received Import Request.
  Time since last request: 0.000321 seconds.
  path: Assets/Materials/stylezed low poly props/source/Props/OgradaIzPrutev/2/Ograda iz prutev_DefaultMaterial_AO.tga
  artifactKey: Guid(d9808ae03de4ca14193d9ea43d735540) Importer(815301076,1909f56bfc062723c751e8b465ee728b)
Start importing Assets/Materials/stylezed low poly props/source/Props/OgradaIzPrutev/2/Ograda iz prutev_DefaultMaterial_AO.tga using Guid(d9808ae03de4ca14193d9ea43d735540) Importer(815301076,1909f56bfc062723c751e8b465ee728b)  -> (artifact id: 'd12b4d52b62d9d19fe7517d6a8ec6153') in 0.020752 seconds 
  Import took 0.027742 seconds .

========================================================================
Received Import Request.
  Time since last request: 0.000257 seconds.
  path: Assets/Materials/stylezed low poly props/source/Props/OgradaIzPrutev/1/Ograda iz prutev_DefaultMaterial_MetallicSmoothness.tga
  artifactKey: Guid(0a90ebf62ed449245a56cc658685a280) Importer(815301076,1909f56bfc062723c751e8b465ee728b)
Start importing Assets/Materials/stylezed low poly props/source/Props/OgradaIzPrutev/1/Ograda iz prutev_DefaultMaterial_MetallicSmoothness.tga using Guid(0a90ebf62ed449245a56cc658685a280) Importer(815301076,1909f56bfc062723c751e8b465ee728b)  -> (artifact id: 'bd4daead75db95c602b43bf04587a4b4') in 0.028449 seconds 
  Import took 0.036517 seconds .

========================================================================
Received Import Request.
  Time since last request: 0.000199 seconds.
  path: Assets/Materials/stylezed low poly props/source/Props/Dirt/3/DirtWithLopata_DefaultMaterial_AlbedoTransparency.tga
  artifactKey: Guid(4766720a5cdf90342926eaaf798c465a) Importer(815301076,1909f56bfc062723c751e8b465ee728b)
Start importing Assets/Materials/stylezed low poly props/source/Props/Dirt/3/DirtWithLopata_DefaultMaterial_AlbedoTransparency.tga using Guid(4766720a5cdf90342926eaaf798c465a) Importer(815301076,1909f56bfc062723c751e8b465ee728b)  -> (artifact id: 'aef975fa4dfc7f9c7cfb3a856c65f560') in 0.024958 seconds 
  Import took 0.031607 seconds .

========================================================================
Received Import Request.
  Time since last request: 0.000212 seconds.
  path: Assets/Materials/stylezed low poly props/source/Props/Chain/Chain_DefaultMaterial_AlbedoTransparency.tga
  artifactKey: Guid(db5d9d46d962f08428eb83903406e260) Importer(815301076,1909f56bfc062723c751e8b465ee728b)
Start importing Assets/Materials/stylezed low poly props/source/Props/Chain/Chain_DefaultMaterial_AlbedoTransparency.tga using Guid(db5d9d46d962f08428eb83903406e260) Importer(815301076,1909f56bfc062723c751e8b465ee728b)  -> (artifact id: '354a6afd0a187099f2f65136e6174d30') in 0.028223 seconds 
  Import took 0.036510 seconds .

========================================================================
Received Import Request.
  Time since last request: 0.000495 seconds.
  path: Assets/Materials/stylezed low poly props/source/Props/OgradaIzPrutev/1/Ograda iz prutev_DefaultMaterial_Normal.tga
  artifactKey: Guid(68159bcead46a4f4591f5ee96ce6c8f4) Importer(815301076,1909f56bfc062723c751e8b465ee728b)
Start importing Assets/Materials/stylezed low poly props/source/Props/OgradaIzPrutev/1/Ograda iz prutev_DefaultMaterial_Normal.tga using Guid(68159bcead46a4f4591f5ee96ce6c8f4) Importer(815301076,1909f56bfc062723c751e8b465ee728b)  -> (artifact id: 'f7b0822da2e937d12fddc0768a1a424e') in 0.023828 seconds 
  Import took 0.031254 seconds .

========================================================================
Received Import Request.
  Time since last request: 0.000229 seconds.
  path: Assets/Materials/Tom's Terrain Tools/Example AutoMagic/Terrain8km-2104080048-treemap.tiff
  artifactKey: Guid(cb2fed797cc35492d853975058035774) Importer(815301076,1909f56bfc062723c751e8b465ee728b)
Start importing Assets/Materials/Tom's Terrain Tools/Example AutoMagic/Terrain8km-2104080048-treemap.tiff using Guid(cb2fed797cc35492d853975058035774) Importer(815301076,1909f56bfc062723c751e8b465ee728b)  -> (artifact id: '3f878689696aa87222db59e2f65b944f') in 0.028950 seconds 
  Import took 0.038390 seconds .

========================================================================
Received Import Request.
  Time since last request: 0.000221 seconds.
  path: Assets/Materials/stylezed low poly props/source/Props/Mogila/Mogila_DefaultMaterial_AO.tga
  artifactKey: Guid(b02b51c94f150364bbf5475b1b809bbd) Importer(815301076,1909f56bfc062723c751e8b465ee728b)
Start importing Assets/Materials/stylezed low poly props/source/Props/Mogila/Mogila_DefaultMaterial_AO.tga using Guid(b02b51c94f150364bbf5475b1b809bbd) Importer(815301076,1909f56bfc062723c751e8b465ee728b)  -> (artifact id: 'c5068cb998ed80723f226fdedd4bc822') in 0.024552 seconds 
  Import took 0.032156 seconds .

========================================================================
Received Import Request.
  Time since last request: 50.724894 seconds.
  path: Assets/Materials/Materials/PBR_Grass_Textures/Textures/Ground.terrainlayer
  artifactKey: Guid(ed02ada6f687f43459ee771f324dae7f) Importer(815301076,1909f56bfc062723c751e8b465ee728b)
Start importing Assets/Materials/Materials/PBR_Grass_Textures/Textures/Ground.terrainlayer using Guid(ed02ada6f687f43459ee771f324dae7f) Importer(815301076,1909f56bfc062723c751e8b465ee728b)  -> (artifact id: '99be2b9fe758face7ad5a6c007be8e20') in 0.025390 seconds 
  Import took 0.033561 seconds .

========================================================================
Received Import Request.
  Time since last request: 30.994738 seconds.
  path: Assets/Materials/Materials/PBR_Grass_Textures/Textures/Path.terrainlayer
  artifactKey: Guid(0725ef8783678894c933c4d1b2001e57) Importer(815301076,1909f56bfc062723c751e8b465ee728b)
Start importing Assets/Materials/Materials/PBR_Grass_Textures/Textures/Path.terrainlayer using Guid(0725ef8783678894c933c4d1b2001e57) Importer(815301076,1909f56bfc062723c751e8b465ee728b)  -> (artifact id: 'ef8beab4b7a12c1a1b0ef207b706b2db') in 0.013388 seconds 
  Import took 0.021080 seconds .

========================================================================
Received Import Request.
  Time since last request: 28.686140 seconds.
  path: Assets/Materials/Tom's Terrain Tools/Editor
  artifactKey: Guid(e126a43926c1b4087ba2e1cf8ee5fa6d) Importer(815301076,1909f56bfc062723c751e8b465ee728b)
Start importing Assets/Materials/Tom's Terrain Tools/Editor using Guid(e126a43926c1b4087ba2e1cf8ee5fa6d) Importer(815301076,1909f56bfc062723c751e8b465ee728b)  -> (artifact id: 'f655729839ba943422bf40079679c292') in 0.010513 seconds 
  Import took 0.021902 seconds .

========================================================================
Received Prepare
Registering precompiled user dll's ...
Registered in 0.008509 seconds.
Begin MonoManager ReloadAssembly
Native extension for WindowsStandalone target not found
Refreshing native plugins compatible for Editor in 70.50 ms, found 2 plugins.
Preloading 0 native plugins for Editor in 0.00 ms.
Mono: successfully reloaded assembly
- Completed reload, in  3.166 seconds
Domain Reload Profiling:
	ReloadAssembly (3166ms)
		BeginReloadAssembly (209ms)
			ExecutionOrderSort (0ms)
			DisableScriptedObjects (10ms)
			BackupInstance (0ms)
			ReleaseScriptingObjects (0ms)
			CreateAndSetChildDomain (70ms)
		EndReloadAssembly (2855ms)
			LoadAssemblies (153ms)
			RebuildTransferFunctionScriptingTraits (0ms)
			SetupTypeCache (990ms)
			ReleaseScriptCaches (2ms)
			RebuildScriptCaches (100ms)
			SetupLoadedEditorAssemblies (752ms)
				LogAssemblyErrors (0ms)
				InitializePlatformSupportModulesInManaged (4ms)
				SetLoadedEditorAssemblies (0ms)
				RefreshPlugins (71ms)
				BeforeProcessingInitializeOnLoad (93ms)
				ProcessInitializeOnLoadAttributes (567ms)
				ProcessInitializeOnLoadMethodAttributes (10ms)
				AfterProcessingInitializeOnLoad (7ms)
				EditorAssembliesLoaded (0ms)
			ExecutionOrderSort2 (0ms)
			AwakeInstancesAfterBackupRestoration (60ms)
Platform modules already initialized, skipping
Refreshing native plugins compatible for Editor in 0.73 ms, found 2 plugins.
Preloading 0 native plugins for Editor in 0.00 ms.
Unloading 2931 Unused Serialized files (Serialized files now loaded: 0)
System memory in use before: 251.4 MB.
System memory in use after: 248.1 MB.

Unloading 55 unused Assets to reduce memory usage. Loaded Objects now: 3592.
Total: 6.077900 ms (FindLiveObjects: 0.351500 ms CreateObjectMapping: 0.206700 ms MarkObjects: 3.615700 ms  DeleteObjects: 1.902300 ms)

AssetImportParameters requested are different than current active one (requested -> active):
  custom:framework-win-MediaFoundation: 216162199b28c13a410421893ffa2e32 -> 
  custom:video-decoder-ogg-theora: a1e56fd34408186e4bbccfd4996cb3dc -> 
  custom:container-muxer-webm: aa71ff27fc2769a1b78a27578f13a17b -> 
  custom:container-demuxer-webm: 4f35f7cbe854078d1ac9338744f61a02 -> 
  custom:container-demuxer-ogg: 62fdf1f143b41e24485cea50d1cbac27 -> 
  custom:video-encoder-webm-vp8: eb34c28f22e8b96e1ab97ce403110664 -> 
  custom:video-decoder-webm-vp8: 9c59270c3fd7afecdb556c50c9e8de78 -> 
  custom:audio-decoder-ogg-vorbis: bf7c407c2cedff20999df2af8eb42d56 -> 
  custom:audio-encoder-webm-vorbis: bf7c407c2cedff20999df2af8eb42d56 -> 
========================================================================
Received Import Request.
  Time since last request: 734.505213 seconds.
  path: Assets/Materials/Materials/PBR_Grass_Textures/Textures/grass_04.mat
  artifactKey: Guid(71c72cc387cb16944bd05350c3967849) Importer(815301076,1909f56bfc062723c751e8b465ee728b)
Start importing Assets/Materials/Materials/PBR_Grass_Textures/Textures/grass_04.mat using Guid(71c72cc387cb16944bd05350c3967849) Importer(815301076,1909f56bfc062723c751e8b465ee728b)  -> (artifact id: 'f9ec3370255409c9d6d90bc0a6ff811d') in 0.248842 seconds 
  Import took 0.266881 seconds .

========================================================================
Received Import Request.
  Time since last request: 0.000282 seconds.
  path: Assets/Materials/Materials/PBR_Grass_Textures/Textures/Ground.terrainlayer
  artifactKey: Guid(ed02ada6f687f43459ee771f324dae7f) Importer(815301076,1909f56bfc062723c751e8b465ee728b)
Start importing Assets/Materials/Materials/PBR_Grass_Textures/Textures/Ground.terrainlayer using Guid(ed02ada6f687f43459ee771f324dae7f) Importer(815301076,1909f56bfc062723c751e8b465ee728b)  -> (artifact id: '7af19425ed66dc3f090afb068c8e1cbe') in 0.068462 seconds 
  Import took 0.076750 seconds .

========================================================================
Received Import Request.
  Time since last request: 0.000234 seconds.
  path: Assets/Materials/Materials/PBR_Grass_Textures/Textures/Path.terrainlayer
  artifactKey: Guid(0725ef8783678894c933c4d1b2001e57) Importer(815301076,1909f56bfc062723c751e8b465ee728b)
Start importing Assets/Materials/Materials/PBR_Grass_Textures/Textures/Path.terrainlayer using Guid(0725ef8783678894c933c4d1b2001e57) Importer(815301076,1909f56bfc062723c751e8b465ee728b)  -> (artifact id: '1f9df70379d6ecb2b425b2b415d2298f') in 0.036738 seconds 
  Import took 0.043701 seconds .

AssetImportWorkerClient::OnTransportError - code=2 error=End of file
