Using pre-set license
Built from '2020.3/staging' branch; Version is '2020.3.25f1 (9b9180224418) revision 10195328'; Using compiler version '192528614'; Build Type 'Release'
OS: 'Windows 10  (10.0.19044) 64bit Core' Language: 'es' Physical Memory: 16269 MB
BatchMode: 1, IsHumanControllingUs: 0, StartBugReporterOnCrash: 0, Is64bit: 1, IsPro: 0

COMMAND LINE ARGUMENTS:
C:\Program Files\Unity\Hub\Editor\2020.3.25f1\Editor\Unity.exe
-adb2
-batchMode
-noUpm
-name
AssetImportWorker1
-projectPath
C:/Users/esteb/Unity projects/Tired/gamedev-Tired
-logFile
Logs/AssetImportWorker1.log
-srvPort
58607
Successfully changed project path to: C:/Users/esteb/Unity projects/Tired/gamedev-Tired
C:/Users/esteb/Unity projects/Tired/gamedev-Tired
Using Asset Import Pipeline V2.
Refreshing native plugins compatible for Editor in 70.98 ms, found 2 plugins.
Preloading 0 native plugins for Editor in 0.00 ms.
Initialize engine version: 2020.3.25f1 (9b9180224418)
[Subsystems] Discovering subsystems at path C:/Program Files/Unity/Hub/Editor/2020.3.25f1/Editor/Data/Resources/UnitySubsystems
[Subsystems] Discovering subsystems at path C:/Users/esteb/Unity projects/Tired/gamedev-Tired/Assets
GfxDevice: creating device client; threaded=0
Direct3D:
    Version:  Direct3D 11.0 [level 11.1]
    Renderer: Intel(R) HD Graphics 630 (ID=0x591b)
    Vendor:   
    VRAM:     8134 MB
    Driver:   27.20.100.8681
Initialize mono
Mono path[0] = 'C:/Program Files/Unity/Hub/Editor/2020.3.25f1/Editor/Data/Managed'
Mono path[1] = 'C:/Program Files/Unity/Hub/Editor/2020.3.25f1/Editor/Data/MonoBleedingEdge/lib/mono/unityjit'
Mono config path = 'C:/Program Files/Unity/Hub/Editor/2020.3.25f1/Editor/Data/MonoBleedingEdge/etc'
Using monoOptions --debugger-agent=transport=dt_socket,embedding=1,server=y,suspend=n,address=127.0.0.1:56240
Begin MonoManager ReloadAssembly
Registering precompiled unity dll's ...
Register platform support module: C:/Program Files/Unity/Hub/Editor/2020.3.25f1/Editor/Data/PlaybackEngines/WindowsStandaloneSupport/UnityEditor.WindowsStandalone.Extensions.dll
Registered in 0.002535 seconds.
Native extension for WindowsStandalone target not found
Refreshing native plugins compatible for Editor in 92.29 ms, found 2 plugins.
Preloading 0 native plugins for Editor in 0.00 ms.
Mono: successfully reloaded assembly
- Completed reload, in  0.918 seconds
Domain Reload Profiling:
	ReloadAssembly (918ms)
		BeginReloadAssembly (80ms)
			ExecutionOrderSort (0ms)
			DisableScriptedObjects (0ms)
			BackupInstance (0ms)
			ReleaseScriptingObjects (0ms)
			CreateAndSetChildDomain (1ms)
		EndReloadAssembly (723ms)
			LoadAssemblies (77ms)
			RebuildTransferFunctionScriptingTraits (0ms)
			SetupTypeCache (189ms)
			ReleaseScriptCaches (0ms)
			RebuildScriptCaches (57ms)
			SetupLoadedEditorAssemblies (346ms)
				LogAssemblyErrors (0ms)
				InitializePlatformSupportModulesInManaged (48ms)
				SetLoadedEditorAssemblies (0ms)
				RefreshPlugins (92ms)
				BeforeProcessingInitializeOnLoad (29ms)
				ProcessInitializeOnLoadAttributes (139ms)
				ProcessInitializeOnLoadMethodAttributes (37ms)
				AfterProcessingInitializeOnLoad (0ms)
				EditorAssembliesLoaded (0ms)
			ExecutionOrderSort2 (0ms)
			AwakeInstancesAfterBackupRestoration (0ms)
Platform modules already initialized, skipping
Registering precompiled user dll's ...
Registered in 0.006947 seconds.
Begin MonoManager ReloadAssembly
Native extension for WindowsStandalone target not found
Refreshing native plugins compatible for Editor in 65.46 ms, found 2 plugins.
Preloading 0 native plugins for Editor in 0.00 ms.
Mono: successfully reloaded assembly
- Completed reload, in  1.440 seconds
Domain Reload Profiling:
	ReloadAssembly (1443ms)
		BeginReloadAssembly (222ms)
			ExecutionOrderSort (0ms)
			DisableScriptedObjects (5ms)
			BackupInstance (0ms)
			ReleaseScriptingObjects (0ms)
			CreateAndSetChildDomain (21ms)
		EndReloadAssembly (1147ms)
			LoadAssemblies (115ms)
			RebuildTransferFunctionScriptingTraits (0ms)
			SetupTypeCache (392ms)
			ReleaseScriptCaches (2ms)
			RebuildScriptCaches (59ms)
			SetupLoadedEditorAssemblies (421ms)
				LogAssemblyErrors (0ms)
				InitializePlatformSupportModulesInManaged (4ms)
				SetLoadedEditorAssemblies (0ms)
				RefreshPlugins (66ms)
				BeforeProcessingInitializeOnLoad (109ms)
				ProcessInitializeOnLoadAttributes (224ms)
				ProcessInitializeOnLoadMethodAttributes (10ms)
				AfterProcessingInitializeOnLoad (8ms)
				EditorAssembliesLoaded (0ms)
			ExecutionOrderSort2 (0ms)
			AwakeInstancesAfterBackupRestoration (7ms)
Platform modules already initialized, skipping
========================================================================
Worker process is ready to serve import requests
Launched and connected shader compiler UnityShaderCompiler.exe after 0.09 seconds
Refreshing native plugins compatible for Editor in 0.63 ms, found 2 plugins.
Preloading 0 native plugins for Editor in 0.00 ms.
Unloading 2818 Unused Serialized files (Serialized files now loaded: 0)
System memory in use before: 207.1 MB.
System memory in use after: 207.3 MB.

Unloading 20 unused Assets to reduce memory usage. Loaded Objects now: 3260.
Total: 4.509600 ms (FindLiveObjects: 0.321100 ms CreateObjectMapping: 0.184000 ms MarkObjects: 3.851600 ms  DeleteObjects: 0.151400 ms)

AssetImportParameters requested are different than current active one (requested -> active):
  custom:framework-win-MediaFoundation: 216162199b28c13a410421893ffa2e32 -> 
  custom:video-decoder-ogg-theora: a1e56fd34408186e4bbccfd4996cb3dc -> 
  custom:container-muxer-webm: aa71ff27fc2769a1b78a27578f13a17b -> 
  custom:container-demuxer-webm: 4f35f7cbe854078d1ac9338744f61a02 -> 
  custom:container-demuxer-ogg: 62fdf1f143b41e24485cea50d1cbac27 -> 
  custom:video-encoder-webm-vp8: eb34c28f22e8b96e1ab97ce403110664 -> 
  custom:video-decoder-webm-vp8: 9c59270c3fd7afecdb556c50c9e8de78 -> 
  custom:audio-decoder-ogg-vorbis: bf7c407c2cedff20999df2af8eb42d56 -> 
  custom:audio-encoder-webm-vorbis: bf7c407c2cedff20999df2af8eb42d56 -> 
========================================================================
Received Import Request.
  path: Assets/Prefabs/GelBall.prefab
  artifactKey: Guid(6dc37af833c20d44393d8c09878234d8) Importer(815301076,1909f56bfc062723c751e8b465ee728b)
Start importing Assets/Prefabs/GelBall.prefab using Guid(6dc37af833c20d44393d8c09878234d8) Importer(815301076,1909f56bfc062723c751e8b465ee728b)  -> (artifact id: '5a8f1ab7fa542278d35146b4d895ff26') in 0.272611 seconds 
  Import took 0.278439 seconds .

========================================================================
Received Prepare
Registering precompiled user dll's ...
Registered in 0.006078 seconds.
Begin MonoManager ReloadAssembly
Native extension for WindowsStandalone target not found
Refreshing native plugins compatible for Editor in 0.73 ms, found 2 plugins.
Preloading 0 native plugins for Editor in 0.00 ms.
Mono: successfully reloaded assembly
- Completed reload, in  1.444 seconds
Domain Reload Profiling:
	ReloadAssembly (1444ms)
		BeginReloadAssembly (165ms)
			ExecutionOrderSort (0ms)
			DisableScriptedObjects (10ms)
			BackupInstance (0ms)
			ReleaseScriptingObjects (0ms)
			CreateAndSetChildDomain (43ms)
		EndReloadAssembly (1201ms)
			LoadAssemblies (117ms)
			RebuildTransferFunctionScriptingTraits (0ms)
			SetupTypeCache (478ms)
			ReleaseScriptCaches (1ms)
			RebuildScriptCaches (53ms)
			SetupLoadedEditorAssemblies (374ms)
				LogAssemblyErrors (0ms)
				InitializePlatformSupportModulesInManaged (4ms)
				SetLoadedEditorAssemblies (1ms)
				RefreshPlugins (1ms)
				BeforeProcessingInitializeOnLoad (120ms)
				ProcessInitializeOnLoadAttributes (229ms)
				ProcessInitializeOnLoadMethodAttributes (11ms)
				AfterProcessingInitializeOnLoad (8ms)
				EditorAssembliesLoaded (0ms)
			ExecutionOrderSort2 (0ms)
			AwakeInstancesAfterBackupRestoration (17ms)
Platform modules already initialized, skipping
Refreshing native plugins compatible for Editor in 0.65 ms, found 2 plugins.
Preloading 0 native plugins for Editor in 0.00 ms.
Unloading 2703 Unused Serialized files (Serialized files now loaded: 0)
System memory in use before: 204.6 MB.
System memory in use after: 204.9 MB.

Unloading 15 unused Assets to reduce memory usage. Loaded Objects now: 3308.
Total: 4.564300 ms (FindLiveObjects: 0.264600 ms CreateObjectMapping: 0.246100 ms MarkObjects: 4.000200 ms  DeleteObjects: 0.052300 ms)

AssetImportParameters requested are different than current active one (requested -> active):
  custom:framework-win-MediaFoundation: 216162199b28c13a410421893ffa2e32 -> 
  custom:video-decoder-ogg-theora: a1e56fd34408186e4bbccfd4996cb3dc -> 
  custom:container-muxer-webm: aa71ff27fc2769a1b78a27578f13a17b -> 
  custom:container-demuxer-webm: 4f35f7cbe854078d1ac9338744f61a02 -> 
  custom:container-demuxer-ogg: 62fdf1f143b41e24485cea50d1cbac27 -> 
  custom:video-encoder-webm-vp8: eb34c28f22e8b96e1ab97ce403110664 -> 
  custom:video-decoder-webm-vp8: 9c59270c3fd7afecdb556c50c9e8de78 -> 
  custom:audio-decoder-ogg-vorbis: bf7c407c2cedff20999df2af8eb42d56 -> 
  custom:audio-encoder-webm-vorbis: bf7c407c2cedff20999df2af8eb42d56 -> 
========================================================================
Received Import Request.
  Time since last request: 60.583700 seconds.
  path: ProjectSettings/TagManager.asset
  artifactKey: Guid(00000000000000003000000000000000) Importer(815301076,1909f56bfc062723c751e8b465ee728b)
Start importing ProjectSettings/TagManager.asset using Guid(00000000000000003000000000000000) Importer(815301076,1909f56bfc062723c751e8b465ee728b)  -> (artifact id: '16cad3a702f48a53f530218460c0b221') in 0.043796 seconds 
  Import took 0.051608 seconds .

========================================================================
Received Prepare
Registering precompiled user dll's ...
Registered in 0.008598 seconds.
Begin MonoManager ReloadAssembly
Native extension for WindowsStandalone target not found
Refreshing native plugins compatible for Editor in 1.06 ms, found 2 plugins.
Preloading 0 native plugins for Editor in 0.00 ms.
Mono: successfully reloaded assembly
- Completed reload, in  1.382 seconds
Domain Reload Profiling:
	ReloadAssembly (1382ms)
		BeginReloadAssembly (138ms)
			ExecutionOrderSort (0ms)
			DisableScriptedObjects (6ms)
			BackupInstance (0ms)
			ReleaseScriptingObjects (0ms)
			CreateAndSetChildDomain (41ms)
		EndReloadAssembly (1166ms)
			LoadAssemblies (120ms)
			RebuildTransferFunctionScriptingTraits (0ms)
			SetupTypeCache (402ms)
			ReleaseScriptCaches (1ms)
			RebuildScriptCaches (49ms)
			SetupLoadedEditorAssemblies (422ms)
				LogAssemblyErrors (0ms)
				InitializePlatformSupportModulesInManaged (5ms)
				SetLoadedEditorAssemblies (1ms)
				RefreshPlugins (1ms)
				BeforeProcessingInitializeOnLoad (132ms)
				ProcessInitializeOnLoadAttributes (256ms)
				ProcessInitializeOnLoadMethodAttributes (17ms)
				AfterProcessingInitializeOnLoad (10ms)
				EditorAssembliesLoaded (0ms)
			ExecutionOrderSort2 (0ms)
			AwakeInstancesAfterBackupRestoration (21ms)
Platform modules already initialized, skipping
Refreshing native plugins compatible for Editor in 1.18 ms, found 2 plugins.
Preloading 0 native plugins for Editor in 0.00 ms.
Unloading 2703 Unused Serialized files (Serialized files now loaded: 0)
System memory in use before: 204.7 MB.
System memory in use after: 204.9 MB.

Unloading 16 unused Assets to reduce memory usage. Loaded Objects now: 3310.
Total: 4.975600 ms (FindLiveObjects: 0.472100 ms CreateObjectMapping: 0.264900 ms MarkObjects: 4.213400 ms  DeleteObjects: 0.023400 ms)

AssetImportParameters requested are different than current active one (requested -> active):
  custom:framework-win-MediaFoundation: 216162199b28c13a410421893ffa2e32 -> 
  custom:video-decoder-ogg-theora: a1e56fd34408186e4bbccfd4996cb3dc -> 
  custom:container-muxer-webm: aa71ff27fc2769a1b78a27578f13a17b -> 
  custom:container-demuxer-webm: 4f35f7cbe854078d1ac9338744f61a02 -> 
  custom:container-demuxer-ogg: 62fdf1f143b41e24485cea50d1cbac27 -> 
  custom:video-encoder-webm-vp8: eb34c28f22e8b96e1ab97ce403110664 -> 
  custom:video-decoder-webm-vp8: 9c59270c3fd7afecdb556c50c9e8de78 -> 
  custom:audio-decoder-ogg-vorbis: bf7c407c2cedff20999df2af8eb42d56 -> 
  custom:audio-encoder-webm-vorbis: bf7c407c2cedff20999df2af8eb42d56 -> 
========================================================================
Received Import Request.
  Time since last request: 88.929884 seconds.
  path: Assets/Prefabs/GelBall.prefab
  artifactKey: Guid(6dc37af833c20d44393d8c09878234d8) Importer(815301076,1909f56bfc062723c751e8b465ee728b)
Start importing Assets/Prefabs/GelBall.prefab using Guid(6dc37af833c20d44393d8c09878234d8) Importer(815301076,1909f56bfc062723c751e8b465ee728b)  -> (artifact id: '1055fec3bfb90310b466cf1d3ab2eda1') in 0.226926 seconds 
  Import took 0.232818 seconds .

========================================================================
Received Prepare
Registering precompiled user dll's ...
Registered in 0.006429 seconds.
Begin MonoManager ReloadAssembly
Native extension for WindowsStandalone target not found
Refreshing native plugins compatible for Editor in 0.56 ms, found 2 plugins.
Preloading 0 native plugins for Editor in 0.00 ms.
Mono: successfully reloaded assembly
- Completed reload, in  1.533 seconds
Domain Reload Profiling:
	ReloadAssembly (1533ms)
		BeginReloadAssembly (173ms)
			ExecutionOrderSort (0ms)
			DisableScriptedObjects (9ms)
			BackupInstance (0ms)
			ReleaseScriptingObjects (0ms)
			CreateAndSetChildDomain (47ms)
		EndReloadAssembly (1273ms)
			LoadAssemblies (129ms)
			RebuildTransferFunctionScriptingTraits (0ms)
			SetupTypeCache (553ms)
			ReleaseScriptCaches (3ms)
			RebuildScriptCaches (60ms)
			SetupLoadedEditorAssemblies (370ms)
				LogAssemblyErrors (0ms)
				InitializePlatformSupportModulesInManaged (4ms)
				SetLoadedEditorAssemblies (1ms)
				RefreshPlugins (1ms)
				BeforeProcessingInitializeOnLoad (99ms)
				ProcessInitializeOnLoadAttributes (249ms)
				ProcessInitializeOnLoadMethodAttributes (10ms)
				AfterProcessingInitializeOnLoad (7ms)
				EditorAssembliesLoaded (0ms)
			ExecutionOrderSort2 (0ms)
			AwakeInstancesAfterBackupRestoration (18ms)
Platform modules already initialized, skipping
Refreshing native plugins compatible for Editor in 0.58 ms, found 2 plugins.
Preloading 0 native plugins for Editor in 0.00 ms.
Unloading 2703 Unused Serialized files (Serialized files now loaded: 0)
System memory in use before: 204.8 MB.
System memory in use after: 205.1 MB.

Unloading 15 unused Assets to reduce memory usage. Loaded Objects now: 3348.
Total: 3.831600 ms (FindLiveObjects: 0.312500 ms CreateObjectMapping: 0.142500 ms MarkObjects: 3.336300 ms  DeleteObjects: 0.039500 ms)

AssetImportParameters requested are different than current active one (requested -> active):
  custom:framework-win-MediaFoundation: 216162199b28c13a410421893ffa2e32 -> 
  custom:video-decoder-ogg-theora: a1e56fd34408186e4bbccfd4996cb3dc -> 
  custom:container-muxer-webm: aa71ff27fc2769a1b78a27578f13a17b -> 
  custom:container-demuxer-webm: 4f35f7cbe854078d1ac9338744f61a02 -> 
  custom:container-demuxer-ogg: 62fdf1f143b41e24485cea50d1cbac27 -> 
  custom:video-encoder-webm-vp8: eb34c28f22e8b96e1ab97ce403110664 -> 
  custom:video-decoder-webm-vp8: 9c59270c3fd7afecdb556c50c9e8de78 -> 
  custom:audio-decoder-ogg-vorbis: bf7c407c2cedff20999df2af8eb42d56 -> 
  custom:audio-encoder-webm-vorbis: bf7c407c2cedff20999df2af8eb42d56 -> 
========================================================================
Received Import Request.
  Time since last request: 457.683516 seconds.
  path: Assets/Materials/Rust Key
  artifactKey: Guid(b2dd0f372faf9e447b0fc830befb27ef) Importer(815301076,1909f56bfc062723c751e8b465ee728b)
Start importing Assets/Materials/Rust Key using Guid(b2dd0f372faf9e447b0fc830befb27ef) Importer(815301076,1909f56bfc062723c751e8b465ee728b)  -> (artifact id: '9db6726c4951cd8092d4f574749ce992') in 0.012711 seconds 
  Import took 0.017944 seconds .

========================================================================
Received Import Request.
  Time since last request: 1.721327 seconds.
  path: Assets/Materials/Rust Key/Prefabs
  artifactKey: Guid(51583b4ac38b90748b20a384ff8098db) Importer(815301076,1909f56bfc062723c751e8b465ee728b)
Start importing Assets/Materials/Rust Key/Prefabs using Guid(51583b4ac38b90748b20a384ff8098db) Importer(815301076,1909f56bfc062723c751e8b465ee728b)  -> (artifact id: 'e9827416cbce3ca2b663503bd32738fe') in 0.013217 seconds 
  Import took 0.019164 seconds .

========================================================================
Received Import Request.
  Time since last request: 0.056086 seconds.
  path: Assets/Materials/Rust Key/Prefabs/rust_key.prefab
  artifactKey: Guid(78df1db2fbc8ec64f949fac0c05bf693) Importer(815301076,1909f56bfc062723c751e8b465ee728b)
Start importing Assets/Materials/Rust Key/Prefabs/rust_key.prefab using Guid(78df1db2fbc8ec64f949fac0c05bf693) Importer(815301076,1909f56bfc062723c751e8b465ee728b)  -> (artifact id: '4b5d4604c4c2db90b5fa424d4bf21b04') in 0.256105 seconds 
  Import took 0.264610 seconds .

========================================================================
Received Import Request.
  Time since last request: 5.731446 seconds.
  path: Assets/Materials/Rust Key/Materials
  artifactKey: Guid(1f4f8e580d5a7404dbb2b077e4cdc27c) Importer(815301076,1909f56bfc062723c751e8b465ee728b)
Start importing Assets/Materials/Rust Key/Materials using Guid(1f4f8e580d5a7404dbb2b077e4cdc27c) Importer(815301076,1909f56bfc062723c751e8b465ee728b)  -> (artifact id: 'c3a0e86667ef461cbfd2617667b1921d') in 0.011775 seconds 
  Import took 0.018068 seconds .

========================================================================
Received Import Request.
  Time since last request: 0.057052 seconds.
  path: Assets/Materials/Rust Key/Materials/rust_key_autodesk.mat
  artifactKey: Guid(1a7c6b13b8983fa4bbfb1dbfbb5fef57) Importer(815301076,1909f56bfc062723c751e8b465ee728b)
Start importing Assets/Materials/Rust Key/Materials/rust_key_autodesk.mat using Guid(1a7c6b13b8983fa4bbfb1dbfbb5fef57) Importer(815301076,1909f56bfc062723c751e8b465ee728b)  -> (artifact id: 'b86592681bfffcdfa1eec0dde0380a0f') in 0.041538 seconds 
  Import took 0.050794 seconds .

========================================================================
Received Import Request.
  Time since last request: 0.000355 seconds.
  path: Assets/Materials/Rust Key/Materials/rust_key_standard.mat
  artifactKey: Guid(c4ce38443ffac714c82a4b78c56ea38a) Importer(815301076,1909f56bfc062723c751e8b465ee728b)
Start importing Assets/Materials/Rust Key/Materials/rust_key_standard.mat using Guid(c4ce38443ffac714c82a4b78c56ea38a) Importer(815301076,1909f56bfc062723c751e8b465ee728b)  -> (artifact id: 'd03b1a04d2cd75ea6608c136d686fb0a') in 0.059470 seconds 
  Import took 0.065393 seconds .

========================================================================
Received Import Request.
  Time since last request: 6.242300 seconds.
  path: Assets/Materials/Rust Key/Scene
  artifactKey: Guid(4c1e3a14ff99f4149a1f89be82fa7afd) Importer(815301076,1909f56bfc062723c751e8b465ee728b)
Start importing Assets/Materials/Rust Key/Scene using Guid(4c1e3a14ff99f4149a1f89be82fa7afd) Importer(815301076,1909f56bfc062723c751e8b465ee728b)  -> (artifact id: '5237272809f96970fa8e56bb8e7afed6') in 0.013052 seconds 
  Import took 0.019148 seconds .

========================================================================
Received Import Request.
  Time since last request: 0.059887 seconds.
  path: Assets/Materials/Rust Key/Scene/Skybox_scene.mat
  artifactKey: Guid(f7c448eb1675ff1419db74ccec2fba68) Importer(815301076,1909f56bfc062723c751e8b465ee728b)
Start importing Assets/Materials/Rust Key/Scene/Skybox_scene.mat using Guid(f7c448eb1675ff1419db74ccec2fba68) Importer(815301076,1909f56bfc062723c751e8b465ee728b)  -> (artifact id: 'e231667552e35708a88309dec387d74f') in 0.019794 seconds 
  Import took 0.026064 seconds .

========================================================================
Received Import Request.
  Time since last request: 1.518431 seconds.
  path: Assets/Materials/Rust Key/Scene/Demo.unity
  artifactKey: Guid(e4bd0f8c766747149a5887108bf32a32) Importer(815301076,1909f56bfc062723c751e8b465ee728b)
Start importing Assets/Materials/Rust Key/Scene/Demo.unity using Guid(e4bd0f8c766747149a5887108bf32a32) Importer(815301076,1909f56bfc062723c751e8b465ee728b)  -> (artifact id: '8f3e9842c93a13b4b8084a52f32e9b94') in 0.014455 seconds 
  Import took 0.020020 seconds .

========================================================================
Received Import Request.
  Time since last request: 3.826043 seconds.
  path: Assets/Materials/Rust Key/Textures
  artifactKey: Guid(8a41d48411dedd14fa89781315cfd94e) Importer(815301076,1909f56bfc062723c751e8b465ee728b)
Start importing Assets/Materials/Rust Key/Textures using Guid(8a41d48411dedd14fa89781315cfd94e) Importer(815301076,1909f56bfc062723c751e8b465ee728b)  -> (artifact id: '5620f2e80bd91be6fe3efa8af409e4d3') in 0.012820 seconds 
  Import took 0.020772 seconds .

========================================================================
Received Import Request.
  Time since last request: 0.712287 seconds.
  path: Assets/Materials/Rust Key/Textures/rust_key_Albedo.png
  artifactKey: Guid(5bd6483ca03c6af49819f42e9546af01) Importer(815301076,1909f56bfc062723c751e8b465ee728b)
Start importing Assets/Materials/Rust Key/Textures/rust_key_Albedo.png using Guid(5bd6483ca03c6af49819f42e9546af01) Importer(815301076,1909f56bfc062723c751e8b465ee728b)  -> (artifact id: '5705606dd6c63d85955e45dbb5ccce96') in 0.092603 seconds 
  Import took 0.105504 seconds .

========================================================================
Received Import Request.
  Time since last request: 0.000274 seconds.
  path: Assets/Materials/Rust Key/Textures/rust_key_Specular.png
  artifactKey: Guid(52677d52f236f71418c3f498e0fc9695) Importer(815301076,1909f56bfc062723c751e8b465ee728b)
Start importing Assets/Materials/Rust Key/Textures/rust_key_Specular.png using Guid(52677d52f236f71418c3f498e0fc9695) Importer(815301076,1909f56bfc062723c751e8b465ee728b)  -> (artifact id: '7daa0454b73b2422637bd17b4d2eb4f8') in 0.062138 seconds 
  Import took 0.071495 seconds .

========================================================================
Received Import Request.
  Time since last request: 0.000372 seconds.
  path: Assets/Materials/Rust Key/Textures/rust_key_Roughness.png
  artifactKey: Guid(c72ad8a32b08a9147999f3928803c81e) Importer(815301076,1909f56bfc062723c751e8b465ee728b)
Start importing Assets/Materials/Rust Key/Textures/rust_key_Roughness.png using Guid(c72ad8a32b08a9147999f3928803c81e) Importer(815301076,1909f56bfc062723c751e8b465ee728b)  -> (artifact id: '3445acee28694088cf83694a2defc5b2') in 0.029354 seconds 
  Import took 0.036692 seconds .

========================================================================
Received Import Request.
  Time since last request: 0.000382 seconds.
  path: Assets/Materials/Rust Key/Textures/rust_key_Metalness.png
  artifactKey: Guid(ae3d3bc9a246cb74e918dba5a7fe89d7) Importer(815301076,1909f56bfc062723c751e8b465ee728b)
Start importing Assets/Materials/Rust Key/Textures/rust_key_Metalness.png using Guid(ae3d3bc9a246cb74e918dba5a7fe89d7) Importer(815301076,1909f56bfc062723c751e8b465ee728b)  -> (artifact id: 'c0df1de953892cd77a0b505f870942ee') in 0.030034 seconds 
  Import took 0.036073 seconds .

========================================================================
Received Import Request.
  Time since last request: 0.000382 seconds.
  path: Assets/Materials/Rust Key/Textures/rust_key_Normal.png
  artifactKey: Guid(c924f4719ce4d6242a0057ec80cf0758) Importer(815301076,1909f56bfc062723c751e8b465ee728b)
Start importing Assets/Materials/Rust Key/Textures/rust_key_Normal.png using Guid(c924f4719ce4d6242a0057ec80cf0758) Importer(815301076,1909f56bfc062723c751e8b465ee728b)  -> (artifact id: '7f9cc18de5e5e6247985248744267432') in 0.038428 seconds 
  Import took 0.043989 seconds .

========================================================================
Received Import Request.
  Time since last request: 36.437820 seconds.
  path: Assets/Materials/Rust Key/Mesh
  artifactKey: Guid(f955c40fdedbcd44c81021b1b657ce57) Importer(815301076,1909f56bfc062723c751e8b465ee728b)
Start importing Assets/Materials/Rust Key/Mesh using Guid(f955c40fdedbcd44c81021b1b657ce57) Importer(815301076,1909f56bfc062723c751e8b465ee728b)  -> (artifact id: 'ca2dec8d3dda01d6fbc91e5bd79806e4') in 0.015205 seconds 
  Import took 0.021806 seconds .

========================================================================
Received Import Request.
  Time since last request: 0.063010 seconds.
  path: Assets/Materials/Rust Key/Mesh/rust_key.FBX
  artifactKey: Guid(0669f3d8f4b119f418a4bbe061cc198f) Importer(815301076,1909f56bfc062723c751e8b465ee728b)
Start importing Assets/Materials/Rust Key/Mesh/rust_key.FBX using Guid(0669f3d8f4b119f418a4bbe061cc198f) Importer(815301076,1909f56bfc062723c751e8b465ee728b)  -> (artifact id: 'e0a216d81b3bf41ffe7206cce9f06d42') in 0.059326 seconds 
  Import took 0.066715 seconds .

========================================================================
Received Prepare
Registering precompiled user dll's ...
Registered in 0.008056 seconds.
Begin MonoManager ReloadAssembly
Native extension for WindowsStandalone target not found
Refreshing native plugins compatible for Editor in 0.54 ms, found 2 plugins.
Preloading 0 native plugins for Editor in 0.00 ms.
Mono: successfully reloaded assembly
- Completed reload, in  1.309 seconds
Domain Reload Profiling:
	ReloadAssembly (1309ms)
		BeginReloadAssembly (158ms)
			ExecutionOrderSort (0ms)
			DisableScriptedObjects (8ms)
			BackupInstance (0ms)
			ReleaseScriptingObjects (0ms)
			CreateAndSetChildDomain (50ms)
		EndReloadAssembly (1067ms)
			LoadAssemblies (120ms)
			RebuildTransferFunctionScriptingTraits (0ms)
			SetupTypeCache (405ms)
			ReleaseScriptCaches (1ms)
			RebuildScriptCaches (45ms)
			SetupLoadedEditorAssemblies (349ms)
				LogAssemblyErrors (0ms)
				InitializePlatformSupportModulesInManaged (4ms)
				SetLoadedEditorAssemblies (1ms)
				RefreshPlugins (1ms)
				BeforeProcessingInitializeOnLoad (103ms)
				ProcessInitializeOnLoadAttributes (223ms)
				ProcessInitializeOnLoadMethodAttributes (10ms)
				AfterProcessingInitializeOnLoad (7ms)
				EditorAssembliesLoaded (0ms)
			ExecutionOrderSort2 (0ms)
			AwakeInstancesAfterBackupRestoration (17ms)
Platform modules already initialized, skipping
Refreshing native plugins compatible for Editor in 0.64 ms, found 2 plugins.
Preloading 0 native plugins for Editor in 0.00 ms.
Unloading 2703 Unused Serialized files (Serialized files now loaded: 0)
System memory in use before: 205.7 MB.
System memory in use after: 206.0 MB.

Unloading 15 unused Assets to reduce memory usage. Loaded Objects now: 3426.
Total: 3.903700 ms (FindLiveObjects: 0.285700 ms CreateObjectMapping: 0.271400 ms MarkObjects: 3.326300 ms  DeleteObjects: 0.019200 ms)

AssetImportParameters requested are different than current active one (requested -> active):
  custom:framework-win-MediaFoundation: 216162199b28c13a410421893ffa2e32 -> 
  custom:video-decoder-ogg-theora: a1e56fd34408186e4bbccfd4996cb3dc -> 
  custom:container-muxer-webm: aa71ff27fc2769a1b78a27578f13a17b -> 
  custom:container-demuxer-webm: 4f35f7cbe854078d1ac9338744f61a02 -> 
  custom:container-demuxer-ogg: 62fdf1f143b41e24485cea50d1cbac27 -> 
  custom:video-encoder-webm-vp8: eb34c28f22e8b96e1ab97ce403110664 -> 
  custom:video-decoder-webm-vp8: 9c59270c3fd7afecdb556c50c9e8de78 -> 
  custom:audio-decoder-ogg-vorbis: bf7c407c2cedff20999df2af8eb42d56 -> 
  custom:audio-encoder-webm-vorbis: bf7c407c2cedff20999df2af8eb42d56 -> 
========================================================================
Received Import Request.
  Time since last request: 650.567804 seconds.
  path: Assets/Prefabs/rust_key.prefab
  artifactKey: Guid(19bbecf656184a149a7683b61d7e5da2) Importer(815301076,1909f56bfc062723c751e8b465ee728b)
Start importing Assets/Prefabs/rust_key.prefab using Guid(19bbecf656184a149a7683b61d7e5da2) Importer(815301076,1909f56bfc062723c751e8b465ee728b)  -> (artifact id: '1bc12bb95793bae7fb9044d6d740b254') in 0.329250 seconds 
  Import took 0.338227 seconds .

========================================================================
Received Import Request.
  Time since last request: 38.099065 seconds.
  path: Assets/Scripts/KeysScripts
  artifactKey: Guid(738725b18c39d40478efcfec030e9a34) Importer(815301076,1909f56bfc062723c751e8b465ee728b)
Start importing Assets/Scripts/KeysScripts using Guid(738725b18c39d40478efcfec030e9a34) Importer(815301076,1909f56bfc062723c751e8b465ee728b)  -> (artifact id: '585f8f7e658a0991105048104d2f249c') in 0.009799 seconds 
  Import took 0.018891 seconds .

========================================================================
Received Import Request.
  Time since last request: 10.441069 seconds.
  path: Assets/Scripts/KeysScripts/RotationTraslationScript.cs
  artifactKey: Guid(a55fe31fa3debfb48af47589418abc87) Importer(815301076,1909f56bfc062723c751e8b465ee728b)
Start importing Assets/Scripts/KeysScripts/RotationTraslationScript.cs using Guid(a55fe31fa3debfb48af47589418abc87) Importer(815301076,1909f56bfc062723c751e8b465ee728b)  -> (artifact id: '70d49f83f24d796177fb78a96edcba71') in 0.020396 seconds 
  Import took 0.028384 seconds .

========================================================================
Received Prepare
Registering precompiled user dll's ...
Registered in 0.005931 seconds.
Begin MonoManager ReloadAssembly
Native extension for WindowsStandalone target not found
Refreshing native plugins compatible for Editor in 0.58 ms, found 2 plugins.
Preloading 0 native plugins for Editor in 0.00 ms.
Mono: successfully reloaded assembly
- Completed reload, in  1.456 seconds
Domain Reload Profiling:
	ReloadAssembly (1456ms)
		BeginReloadAssembly (133ms)
			ExecutionOrderSort (0ms)
			DisableScriptedObjects (8ms)
			BackupInstance (0ms)
			ReleaseScriptingObjects (0ms)
			CreateAndSetChildDomain (45ms)
		EndReloadAssembly (1249ms)
			LoadAssemblies (119ms)
			RebuildTransferFunctionScriptingTraits (0ms)
			SetupTypeCache (509ms)
			ReleaseScriptCaches (1ms)
			RebuildScriptCaches (53ms)
			SetupLoadedEditorAssemblies (375ms)
				LogAssemblyErrors (0ms)
				InitializePlatformSupportModulesInManaged (4ms)
				SetLoadedEditorAssemblies (1ms)
				RefreshPlugins (1ms)
				BeforeProcessingInitializeOnLoad (111ms)
				ProcessInitializeOnLoadAttributes (241ms)
				ProcessInitializeOnLoadMethodAttributes (10ms)
				AfterProcessingInitializeOnLoad (8ms)
				EditorAssembliesLoaded (0ms)
			ExecutionOrderSort2 (0ms)
			AwakeInstancesAfterBackupRestoration (31ms)
Platform modules already initialized, skipping
Refreshing native plugins compatible for Editor in 0.57 ms, found 2 plugins.
Preloading 0 native plugins for Editor in 0.00 ms.
Unloading 2705 Unused Serialized files (Serialized files now loaded: 0)
System memory in use before: 206.6 MB.
System memory in use after: 206.8 MB.

Unloading 15 unused Assets to reduce memory usage. Loaded Objects now: 3466.
Total: 3.473100 ms (FindLiveObjects: 0.264400 ms CreateObjectMapping: 0.149500 ms MarkObjects: 3.041000 ms  DeleteObjects: 0.017200 ms)

AssetImportParameters requested are different than current active one (requested -> active):
  custom:framework-win-MediaFoundation: 216162199b28c13a410421893ffa2e32 -> 
  custom:video-decoder-ogg-theora: a1e56fd34408186e4bbccfd4996cb3dc -> 
  custom:container-muxer-webm: aa71ff27fc2769a1b78a27578f13a17b -> 
  custom:container-demuxer-webm: 4f35f7cbe854078d1ac9338744f61a02 -> 
  custom:container-demuxer-ogg: 62fdf1f143b41e24485cea50d1cbac27 -> 
  custom:video-encoder-webm-vp8: eb34c28f22e8b96e1ab97ce403110664 -> 
  custom:video-decoder-webm-vp8: 9c59270c3fd7afecdb556c50c9e8de78 -> 
  custom:audio-decoder-ogg-vorbis: bf7c407c2cedff20999df2af8eb42d56 -> 
  custom:audio-encoder-webm-vorbis: bf7c407c2cedff20999df2af8eb42d56 -> 
AssetImportWorkerClient::OnTransportError - code=2 error=End of file
